#
# A fatal error has been detected by the Java Runtime Environment:
#
#  SIGSEGV (0xb) at pc=0x000000010c3302ce, pid=4521, tid=775
#
# JRE version: Java(TM) SE Runtime Environment (8.0_60-b27) (build 1.8.0_60-b27)
# Java VM: Java HotSpot(TM) 64-Bit Server VM (25.60-b23 mixed mode bsd-amd64 compressed oops)
# Problematic frame:
# V  [libjvm.dylib+0x1692ce]
#
# Failed to write core dump. Core dumps have been disabled. To enable core dumping, try "ulimit -c unlimited" before starting Java again
#
# If you would like to submit a bug report, please visit:
#   http://bugreport.java.com/bugreport/crash.jsp
#

---------------  T H R E A D  ---------------

Current thread is native thread

siginfo: si_signo: 11 (SIGSEGV), si_code: 1 (SEGV_MAPERR), si_addr: 0x0000000000000270

Registers:
RAX=0x0000000000000000, RBX=0x0000000000000000, RCX=0x000000010c4d821b, RDX=0x00007fa3c80cf1f8
RSP=0x00007fff53ab7060, RBP=0x00007fff53ab7070, RSI=0x0000000000000006, RDI=0x00007fff53ab70b0
R8 =0x0000000000000000, R9 =0x00000000000001d6, R10=0x0000000111dc7e90, R11=0x00007fa3cc857680
R12=0x00007fa3c80cf1f8, R13=0x00007fa3ccb8ec00, R14=0x00007fa3c80cf1f8, R15=0x0000000000000000
RIP=0x000000010c3302ce, EFLAGS=0x0000000000010246, ERR=0x0000000000000006
  TRAPNO=0x000000000000000e

Top of Stack: (sp=0x00007fff53ab7060)
0x00007fff53ab7060:   00007fa3c75c66a8 00007fa3c80cf1f8
0x00007fff53ab7070:   00007fff53ab70d0 000000010c4d824b
0x00007fff53ab7080:   0b7417c0e57300d5 00007fa3c9b00340
0x00007fff53ab7090:   00007fa3cec7ca00 00007fa3ccba96c0
0x00007fff53ab70a0:   00007fff53ab70d0 0000000124b896e9
0x00007fff53ab70b0:   0000000000000000 00007fa3c766d700
0x00007fff53ab70c0:   00007fa3cec7ca00 00007fa3ccba96c0
0x00007fff53ab70d0:   00007fff53ab7130 000000012b990ebb
0x00007fff53ab70e0:   0b7417c0e57300d5 0000000000000000
0x00007fff53ab70f0:   40dd2ce8b5dc69e8 0000000000000000
0x00007fff53ab7100:   00007fff53ab7130 00007fa3ccba96c0
0x00007fff53ab7110:   00007fa3c9b00340 00007fa3ccb8ec00
0x00007fff53ab7120:   00007fa3ccba96c0 00007fffa8b68040
0x00007fff53ab7130:   00007fff53ab71b0 00007fff9990f181
0x00007fff53ab7140:   00007fa3c92e5e00 0000000000000000
0x00007fff53ab7150:   000001de53ab7190 00007fa3cec7ca00
0x00007fff53ab7160:   0000000000000000 0000000000000000
0x00007fff53ab7170:   0000000400000000 40dd2ce8b5dc69e8
0x00007fff53ab7180:   00007fff53ab71b0 00007fa3ccba96c0
0x00007fff53ab7190:   0000000000000004 0000000000000000
0x00007fff53ab71a0:   00007fffa8b68040 00007fff923ff557
0x00007fff53ab71b0:   00007fff53ab7220 00007fff9990ecff
0x00007fff53ab71c0:   3ff0000000000000 407d600000000000
0x00007fff53ab71d0:   407de00000000000 0000000000000000
0x00007fff53ab71e0:   0000000000000000 407d600000000000
0x00007fff53ab71f0:   407de00000000000 00007fff53ab72f0
0x00007fff53ab7200:   00007fa3c9d02358 0000000000000000
0x00007fff53ab7210:   00007fff9240820e 00007fa3c92e5e00
0x00007fff53ab7220:   00007fff53ab82f0 00007fff9992206e
0x00007fff53ab7230:   00007fff53ab82f0 00007fff99921f44
0x00007fff53ab7240:   00007fa3c9d02358 00007fa3c9d02358
0x00007fff53ab7250:   00007fa3c9d022b0 00007fa3c92e5e00 

Instructions: (pc=0x000000010c3302ce)
0x000000010c3302ae:   0e 48 8b 0b 49 8b 56 18 48 63 c0 48 89 0c c2 5b
0x000000010c3302be:   41 5e 5d c3 90 90 55 48 89 e5 41 56 53 48 8b 1f
0x000000010c3302ce:   c7 83 70 02 00 00 05 00 00 00 48 8d 05 d9 50 77
0x000000010c3302de:   00 8b 00 83 f8 01 41 89 f6 75 0c 48 8d 0d 16 b8 

Register to memory mapping:

RAX=0x0000000000000000 is an unknown value
RBX=0x0000000000000000 is an unknown value
RCX=0x000000010c4d821b: jni_NewLocalRef+0 in /Library/Java/JavaVirtualMachines/jdk1.8.0_60.jdk/Contents/Home/jre/lib/server/libjvm.dylib at 0x000000010c1c7000
RDX=0x00007fa3c80cf1f8 is an unknown value
RSP=0x00007fff53ab7060 is an unknown value
RBP=0x00007fff53ab7070 is an unknown value
RSI=0x0000000000000006 is an unknown value
RDI=0x00007fff53ab70b0 is an unknown value
R8 =0x0000000000000000 is an unknown value
R9 =0x00000000000001d6 is an unknown value
R10=0x0000000111dc7e90: OBJC_CLASS_$_JNFJObjectWrapper+0 in /System/Library/Frameworks/JavaVM.framework/Versions/A/Frameworks/JavaNativeFoundation.framework/Versions/A/JavaNativeFoundation at 0x0000000111dbd000
R11=0x00007fa3cc857680 is an unknown value
R12=0x00007fa3c80cf1f8 is an unknown value
R13=0x00007fa3ccb8ec00 is an unknown value
R14=0x00007fa3c80cf1f8 is an unknown value
R15=0x0000000000000000 is an unknown value


Stack: [0x00007fff532bc000,0x00007fff53abc000],  sp=0x00007fff53ab7060,  free space=8172k
Native frames: (J=compiled Java code, j=interpreted, Vv=VM code, C=native code)
V  [libjvm.dylib+0x1692ce]
V  [libjvm.dylib+0x31124b]
C  [libawt_lwawt.dylib+0x19ebb]  -[CGLLayer drawInCGLContext:pixelFormat:forLayerTime:displayTime:]+0xee
C  [QuartzCore+0x113181]  _ZL17CAOpenGLLayerDrawP13CAOpenGLLayerdPK11CVTimeStampj+0x369
C  [QuartzCore+0x112cff]  -[CAOpenGLLayer _display]+0x15f
C  [QuartzCore+0x12606e]  _ZN2CA5Layer17display_if_neededEPNS_11TransactionE+0x23c
C  [QuartzCore+0x126199]  _ZN2CA5Layer28layout_and_display_if_neededEPNS_11TransactionE+0x23
C  [QuartzCore+0x11b950]  _ZN2CA7Context18commit_transactionEPNS_11TransactionE+0x118
C  [QuartzCore+0x10881]  _ZN2CA11Transaction6commitEv+0x1db
C  [QuartzCore+0x1129c]  _ZN2CA11Transaction17observer_callbackEP19__CFRunLoopObservermPv+0x6c
C  [CoreFoundation+0xa6d37]  __CFRUNLOOP_IS_CALLING_OUT_TO_AN_OBSERVER_CALLBACK_FUNCTION__+0x17
C  [CoreFoundation+0xa6ca7]  __CFRunLoopDoObservers+0x187
C  [CoreFoundation+0x8782e]  __CFRunLoopRun+0x4be
C  [CoreFoundation+0x87114]  CFRunLoopRunSpecific+0x1a4
C  [java+0x6463]  CreateExecutionEnvironment+0x367
C  [java+0x21ac]  JLI_Launch+0x7a0
C  [java+0x84c0]  main+0x65
C  [java+0x1a04]  start+0x34


---------------  P R O C E S S  ---------------

VM state:not at safepoint (normal execution)

VM Mutex/Monitor currently owned by a thread: None

Heap:
 PSYoungGen      total 18944K, used 10911K [0x00000007aab00000, 0x00000007adf00000, 0x00000007c0000000)
  eden space 16384K, 66% used [0x00000007aab00000,0x00000007ab5a7d88,0x00000007abb00000)
  from space 2560K, 0% used [0x00000007abb00000,0x00000007abb00000,0x00000007abd80000)
  to   space 10240K, 0% used [0x00000007ad500000,0x00000007ad500000,0x00000007adf00000)
 ParOldGen       total 40448K, used 13103K [0x0000000780000000, 0x0000000782780000, 0x00000007aab00000)
  object space 40448K, 32% used [0x0000000780000000,0x0000000780ccbee0,0x0000000782780000)
 Metaspace       used 25712K, capacity 27032K, committed 27184K, reserved 1073152K
  class space    used 3586K, capacity 3861K, committed 3888K, reserved 1048576K

Card table byte_map: [0x000000010ddc0000,0x000000010dfc1000] byte_map_base: 0x000000010a1c0000

Marking Bits: (ParMarkBitMap*) 0x000000010caa5e20
 Begin Bits: [0x000000010e117000, 0x000000010f117000)
 End Bits:   [0x000000010f117000, 0x0000000110117000)

Polling page: 0x000000010d193000

CodeCache: size=245760Kb used=10572Kb max_used=10949Kb free=235187Kb
 bounds [0x00000001150a5000, 0x0000000115b65000, 0x00000001240a5000]
 total_blobs=4219 nmethods=3400 adapters=731
 compilation: enabled

Compilation events (10 events):
Event: 21.121 Thread 0x00007fa3c8857000 3795       3       java.lang.invoke.BoundMethodHandle::<init> (32 bytes)
Event: 21.122 Thread 0x00007fa3c8857000 nmethod 3795 0x00000001153bc950 code [0x00000001153bcae0, 0x00000001153bcef8]
Event: 21.140 Thread 0x00007fa3c8857000 3796       3       java.awt.EventQueue::getPriority (78 bytes)
Event: 21.140 Thread 0x00007fa3c8841800 3798       4       javax.swing.JComponent::getHeight (5 bytes)
Event: 21.141 Thread 0x00007fa3c8857000 nmethod 3796 0x00000001153baa50 code [0x00000001153bac00, 0x00000001153bb2f0]
Event: 21.141 Thread 0x00007fa3c8857000 3797       3       java.awt.EventQueue::postEvent (172 bytes)
Event: 21.141 Thread 0x00007fa3c8841800 nmethod 3798 0x00000001153f7710 code [0x00000001153f7860, 0x00000001153f78b8]
Event: 21.143 Thread 0x00007fa3c8857000 nmethod 3797 0x00000001153b8b50 code [0x00000001153b8e20, 0x00000001153ba0d8]
Event: 21.143 Thread 0x00007fa3c8857000 3799       1       sun.font.FontDesignMetrics::getAscent (10 bytes)
Event: 21.143 Thread 0x00007fa3c8857000 nmethod 3799 0x00000001154399d0 code [0x0000000115439b40, 0x0000000115439c90]

GC Heap History (10 events):
Event: 2.432 GC heap before
{Heap before GC invocations=2 (full 0):
 PSYoungGen      total 18944K, used 18912K [0x00000007aab00000, 0x00000007ac000000, 0x00000007c0000000)
  eden space 16384K, 100% used [0x00000007aab00000,0x00000007abb00000,0x00000007abb00000)
  from space 2560K, 98% used [0x00000007abb00000,0x00000007abd78030,0x00000007abd80000)
  to   space 2560K, 0% used [0x00000007abd80000,0x00000007abd80000,0x00000007ac000000)
 ParOldGen       total 44032K, used 642K [0x0000000780000000, 0x0000000782b00000, 0x00000007aab00000)
  object space 44032K, 1% used [0x0000000780000000,0x00000007800a0950,0x0000000782b00000)
 Metaspace       used 16075K, capacity 16734K, committed 16896K, reserved 1062912K
  class space    used 2328K, capacity 2490K, committed 2560K, reserved 1048576K
Event: 2.446 GC heap after
Heap after GC invocations=2 (full 0):
 PSYoungGen      total 18944K, used 2528K [0x00000007aab00000, 0x00000007ac000000, 0x00000007c0000000)
  eden space 16384K, 0% used [0x00000007aab00000,0x00000007aab00000,0x00000007abb00000)
  from space 2560K, 98% used [0x00000007abd80000,0x00000007abff8030,0x00000007ac000000)
  to   space 2560K, 0% used [0x00000007abb00000,0x00000007abb00000,0x00000007abd80000)
 ParOldGen       total 44032K, used 2899K [0x0000000780000000, 0x0000000782b00000, 0x00000007aab00000)
  object space 44032K, 6% used [0x0000000780000000,0x00000007802d4ca0,0x0000000782b00000)
 Metaspace       used 16075K, capacity 16734K, committed 16896K, reserved 1062912K
  class space    used 2328K, capacity 2490K, committed 2560K, reserved 1048576K
}
Event: 4.305 GC heap before
{Heap before GC invocations=3 (full 0):
 PSYoungGen      total 18944K, used 18912K [0x00000007aab00000, 0x00000007ac000000, 0x00000007c0000000)
  eden space 16384K, 100% used [0x00000007aab00000,0x00000007abb00000,0x00000007abb00000)
  from space 2560K, 98% used [0x00000007abd80000,0x00000007abff8030,0x00000007ac000000)
  to   space 2560K, 0% used [0x00000007abb00000,0x00000007abb00000,0x00000007abd80000)
 ParOldGen       total 44032K, used 2899K [0x0000000780000000, 0x0000000782b00000, 0x00000007aab00000)
  object space 44032K, 6% used [0x0000000780000000,0x00000007802d4ca0,0x0000000782b00000)
 Metaspace       used 18915K, capacity 20162K, committed 20480K, reserved 1067008K
  class space    used 2737K, capacity 3008K, committed 3072K, reserved 1048576K
Event: 4.318 GC heap after
Heap after GC invocations=3 (full 0):
 PSYoungGen      total 18944K, used 2528K [0x00000007aab00000, 0x00000007ac000000, 0x00000007c0000000)
  eden space 16384K, 0% used [0x00000007aab00000,0x00000007aab00000,0x00000007abb00000)
  from space 2560K, 98% used [0x00000007abb00000,0x00000007abd78040,0x00000007abd80000)
  to   space 2560K, 0% used [0x00000007abd80000,0x00000007abd80000,0x00000007ac000000)
 ParOldGen       total 44032K, used 10520K [0x0000000780000000, 0x0000000782b00000, 0x00000007aab00000)
  object space 44032K, 23% used [0x0000000780000000,0x0000000780a46238,0x0000000782b00000)
 Metaspace       used 18915K, capacity 20162K, committed 20480K, reserved 1067008K
  class space    used 2737K, capacity 3008K, committed 3072K, reserved 1048576K
}
Event: 6.696 GC heap before
{Heap before GC invocations=4 (full 0):
 PSYoungGen      total 18944K, used 18912K [0x00000007aab00000, 0x00000007ac000000, 0x00000007c0000000)
  eden space 16384K, 100% used [0x00000007aab00000,0x00000007abb00000,0x00000007abb00000)
  from space 2560K, 98% used [0x00000007abb00000,0x00000007abd78040,0x00000007abd80000)
  to   space 2560K, 0% used [0x00000007abd80000,0x00000007abd80000,0x00000007ac000000)
 ParOldGen       total 44032K, used 10520K [0x0000000780000000, 0x0000000782b00000, 0x00000007aab00000)
  object space 44032K, 23% used [0x0000000780000000,0x0000000780a46238,0x0000000782b00000)
 Metaspace       used 19708K, capacity 21006K, committed 21248K, reserved 1067008K
  class space    used 2806K, capacity 3056K, committed 3072K, reserved 1048576K
Event: 6.707 GC heap after
Heap after GC invocations=4 (full 0):
 PSYoungGen      total 18944K, used 2528K [0x00000007aab00000, 0x00000007ac000000, 0x00000007c0000000)
  eden space 16384K, 0% used [0x00000007aab00000,0x00000007aab00000,0x00000007abb00000)
  from space 2560K, 98% used [0x00000007abd80000,0x00000007abff8020,0x00000007ac000000)
  to   space 2560K, 0% used [0x00000007abb00000,0x00000007abb00000,0x00000007abd80000)
 ParOldGen       total 44032K, used 12130K [0x0000000780000000, 0x0000000782b00000, 0x00000007aab00000)
  object space 44032K, 27% used [0x0000000780000000,0x0000000780bd88f8,0x0000000782b00000)
 Metaspace       used 19708K, capacity 21006K, committed 21248K, reserved 1067008K
  class space    used 2806K, capacity 3056K, committed 3072K, reserved 1048576K
}
Event: 6.796 GC heap before
{Heap before GC invocations=5 (full 0):
 PSYoungGen      total 18944K, used 16313K [0x00000007aab00000, 0x00000007ac000000, 0x00000007c0000000)
  eden space 16384K, 84% used [0x00000007aab00000,0x00000007ab876690,0x00000007abb00000)
  from space 2560K, 98% used [0x00000007abd80000,0x00000007abff8020,0x00000007ac000000)
  to   space 2560K, 0% used [0x00000007abb00000,0x00000007abb00000,0x00000007abd80000)
 ParOldGen       total 44032K, used 12130K [0x0000000780000000, 0x0000000782b00000, 0x00000007aab00000)
  object space 44032K, 27% used [0x0000000780000000,0x0000000780bd88f8,0x0000000782b00000)
 Metaspace       used 19973K, capacity 21232K, committed 21296K, reserved 1067008K
  class space    used 2830K, capacity 3089K, committed 3120K, reserved 1048576K
Event: 6.810 GC heap after
Heap after GC invocations=5 (full 0):
 PSYoungGen      total 18944K, used 2528K [0x00000007aab00000, 0x00000007adf00000, 0x00000007c0000000)
  eden space 16384K, 0% used [0x00000007aab00000,0x00000007aab00000,0x00000007abb00000)
  from space 2560K, 98% used [0x00000007abb00000,0x00000007abd78020,0x00000007abd80000)
  to   space 10240K, 0% used [0x00000007ad500000,0x00000007ad500000,0x00000007adf00000)
 ParOldGen       total 44032K, used 12778K [0x0000000780000000, 0x0000000782b00000, 0x00000007aab00000)
  object space 44032K, 29% used [0x0000000780000000,0x0000000780c7a8f8,0x0000000782b00000)
 Metaspace       used 19973K, capacity 21232K, committed 21296K, reserved 1067008K
  class space    used 2830K, capacity 3089K, committed 3120K, reserved 1048576K
}
Event: 6.810 GC heap before
{Heap before GC invocations=6 (full 1):
 PSYoungGen      total 18944K, used 2528K [0x00000007aab00000, 0x00000007adf00000, 0x00000007c0000000)
  eden space 16384K, 0% used [0x00000007aab00000,0x00000007aab00000,0x00000007abb00000)
  from space 2560K, 98% used [0x00000007abb00000,0x00000007abd78020,0x00000007abd80000)
  to   space 10240K, 0% used [0x00000007ad500000,0x00000007ad500000,0x00000007adf00000)
 ParOldGen       total 44032K, used 12778K [0x0000000780000000, 0x0000000782b00000, 0x00000007aab00000)
  object space 44032K, 29% used [0x0000000780000000,0x0000000780c7a8f8,0x0000000782b00000)
 Metaspace       used 19973K, capacity 21232K, committed 21296K, reserved 1067008K
  class space    used 2830K, capacity 3089K, committed 3120K, reserved 1048576K
Event: 6.859 GC heap after
Heap after GC invocations=6 (full 1):
 PSYoungGen      total 18944K, used 0K [0x00000007aab00000, 0x00000007adf00000, 0x00000007c0000000)
  eden space 16384K, 0% used [0x00000007aab00000,0x00000007aab00000,0x00000007abb00000)
  from space 2560K, 0% used [0x00000007abb00000,0x00000007abb00000,0x00000007abd80000)
  to   space 10240K, 0% used [0x00000007ad500000,0x00000007ad500000,0x00000007adf00000)
 ParOldGen       total 40448K, used 13103K [0x0000000780000000, 0x0000000782780000, 0x00000007aab00000)
  object space 40448K, 32% used [0x0000000780000000,0x0000000780ccbee0,0x0000000782780000)
 Metaspace       used 19973K, capacity 21232K, committed 21296K, reserved 1067008K
  class space    used 2830K, capacity 3089K, committed 3120K, reserved 1048576K
}

Deoptimization events (10 events):
Event: 6.108 Thread 0x00007fa3c91ea000 Uncommon trap: reason=unstable_if action=reinterpret pc=0x000000011572d130 method=java.lang.Math.round(F)I @ 36
Event: 6.689 Thread 0x00007fa3c80cf000 Uncommon trap: reason=unstable_if action=reinterpret pc=0x0000000115a1d240 method=sun.misc.FloatingDecimal$BinaryToASCIIBuffer.estimateDecExp(JI)I @ 117
Event: 6.791 Thread 0x00007fa3c80cf000 Uncommon trap: reason=unstable_if action=reinterpret pc=0x00000001153f7a10 method=sun.nio.cs.UTF_8$Decoder.decode([BII[C)I @ 30
Event: 7.074 Thread 0x00007fa3c80cf000 Uncommon trap: reason=unstable_if action=reinterpret pc=0x00000001153410b4 method=java.lang.AbstractStringBuilder.append(Ljava/lang/String;)Ljava/lang/AbstractStringBuilder; @ 1
Event: 7.075 Thread 0x00007fa3c80cf000 Uncommon trap: reason=unstable_if action=reinterpret pc=0x00000001152aee68 method=java.lang.AbstractStringBuilder.append(Ljava/lang/String;)Ljava/lang/AbstractStringBuilder; @ 1
Event: 7.075 Thread 0x00007fa3c80cf000 Uncommon trap: reason=unstable_if action=reinterpret pc=0x0000000115a4b630 method=java.util.ArrayList.toArray([Ljava/lang/Object;)[Ljava/lang/Object; @ 6
Event: 7.119 Thread 0x00007fa3c80cf000 Uncommon trap: reason=unstable_if action=reinterpret pc=0x0000000115a178b0 method=sun.util.locale.BaseLocale.equals(Ljava/lang/Object;)Z @ 51
Event: 7.119 Thread 0x00007fa3c80cf000 Uncommon trap: reason=unstable_if action=reinterpret pc=0x0000000115a174ec method=sun.util.locale.BaseLocale.equals(Ljava/lang/Object;)Z @ 51
Event: 9.436 Thread 0x00007fa3c80cf000 Uncommon trap: reason=unstable_if action=reinterpret pc=0x00000001159bfed4 method=java.lang.ref.SoftReference.get()Ljava/lang/Object; @ 6
Event: 9.504 Thread 0x00007fa3c80cf000 Uncommon trap: reason=unstable_if action=reinterpret pc=0x00000001156bc88c method=java.util.WeakHashMap.expungeStaleEntries()V @ 9

Internal exceptions (10 events):
Event: 1.368 Thread 0x00007fa3c80cf000 Exception <a 'java/lang/ArrayIndexOutOfBoundsException'> (0x00000007aaf64ed0) thrown at [/Users/java_re/workspace/8-2-build-macosx-x86_64/jdk8u60/4407/hotspot/src/share/vm/runtime/sharedRuntime.cpp, line 605]
Event: 1.369 Thread 0x00007fa3c80cf000 Exception <a 'java/lang/ArrayIndexOutOfBoundsException'> (0x00000007aaf65ce8) thrown at [/Users/java_re/workspace/8-2-build-macosx-x86_64/jdk8u60/4407/hotspot/src/share/vm/runtime/sharedRuntime.cpp, line 605]
Event: 1.369 Thread 0x00007fa3c80cf000 Exception <a 'java/lang/ArrayIndexOutOfBoundsException'> (0x00000007aaf67558) thrown at [/Users/java_re/workspace/8-2-build-macosx-x86_64/jdk8u60/4407/hotspot/src/share/vm/runtime/sharedRuntime.cpp, line 605]
Event: 1.405 Thread 0x00007fa3c80cf000 Exception <a 'java/lang/ArrayIndexOutOfBoundsException'> (0x00000007aaff10d8) thrown at [/Users/java_re/workspace/8-2-build-macosx-x86_64/jdk8u60/4407/hotspot/src/share/vm/runtime/sharedRuntime.cpp, line 605]
Event: 1.471 Thread 0x00007fa3c80cf000 Implicit null exception at 0x00000001153701f5 to 0x0000000115370429
Event: 5.696 Thread 0x00007fa3c80cf000 Implicit null exception at 0x00000001158c2438 to 0x00000001158ca555
Event: 6.793 Thread 0x00007fa3c80cf000 Exception <a 'java/io/FileNotFoundException'> (0x00000007ab8673c0) thrown at [/Users/java_re/workspace/8-2-build-macosx-x86_64/jdk8u60/4407/hotspot/src/share/vm/prims/jni.cpp, line 709]
Event: 6.793 Thread 0x00007fa3c80cf000 Exception <a 'java/io/FileNotFoundException'> (0x00000007ab8680e8) thrown at [/Users/java_re/workspace/8-2-build-macosx-x86_64/jdk8u60/4407/hotspot/src/share/vm/prims/jni.cpp, line 709]
Event: 7.074 Thread 0x00007fa3c80cf000 Implicit null exception at 0x0000000115340d35 to 0x00000001153410a1
Event: 7.075 Thread 0x00007fa3c80cf000 Implicit null exception at 0x00000001152aeaf5 to 0x00000001152aee55

Events (10 events):
Event: 21.104 loading class javafx/application/Application done
Event: 21.144 loading class com/sun/javafx/tk/quantum/QuantumRenderer
Event: 21.144 loading class com/sun/javafx/tk/quantum/QuantumRenderer done
Event: 21.144 loading class com/sun/javafx/tk/quantum/QuantumToolkit
Event: 21.144 loading class com/sun/javafx/tk/quantum/QuantumToolkit done
Event: 21.145 Thread 0x00007fa3c91ea000 Thread exited: 0x00007fa3c91ea000
Event: 21.145 Thread 0x00007fa3c80bc000 Thread exited: 0x00007fa3c80bc000
Event: 21.145 Thread 0x00007fa3c780a800 Thread exited: 0x00007fa3c780a800
Event: 21.145 Thread 0x00007fa3ce044000 Thread added: 0x00007fa3ce044000
Event: 21.145 Thread 0x00007fa3c80cf000 Thread exited: 0x00007fa3c80cf000


Dynamic libraries:
0x000000001e8e4000 	/System/Library/Frameworks/Cocoa.framework/Versions/A/Cocoa
0x000000001e8e4000 	/System/Library/Frameworks/Security.framework/Versions/A/Security
0x000000001e8e4000 	/System/Library/Frameworks/ApplicationServices.framework/Versions/A/ApplicationServices
0x000000001e8e4000 	/usr/lib/libz.1.dylib
0x000000001e8e4000 	/usr/lib/libSystem.B.dylib
0x000000001e8e4000 	/usr/lib/libobjc.A.dylib
0x000000001e8e4000 	/System/Library/Frameworks/CoreFoundation.framework/Versions/A/CoreFoundation
0x000000001e8e4000 	/System/Library/Frameworks/Foundation.framework/Versions/C/Foundation
0x000000001e8e4000 	/System/Library/Frameworks/AppKit.framework/Versions/C/AppKit
0x000000001e8e4000 	/System/Library/Frameworks/CoreData.framework/Versions/A/CoreData
0x000000001e8e4000 	/System/Library/PrivateFrameworks/RemoteViewServices.framework/Versions/A/RemoteViewServices
0x000000001e8e4000 	/System/Library/PrivateFrameworks/UIFoundation.framework/Versions/A/UIFoundation
0x000000001e8e4000 	/System/Library/PrivateFrameworks/DFRFoundation.framework/Versions/A/DFRFoundation
0x000000001e8e4000 	/usr/lib/libenergytrace.dylib
0x000000001e8e4000 	/System/Library/PrivateFrameworks/SkyLight.framework/Versions/A/SkyLight
0x000000001e8e4000 	/System/Library/Frameworks/CoreGraphics.framework/Versions/A/CoreGraphics
0x000000001e8e4000 	/usr/lib/libScreenReader.dylib
0x000000001e8e4000 	/System/Library/Frameworks/Accelerate.framework/Versions/A/Accelerate
0x000000001e8e4000 	/System/Library/Frameworks/IOSurface.framework/Versions/A/IOSurface
0x000000001e8e4000 	/System/Library/Frameworks/AudioToolbox.framework/Versions/A/AudioToolbox
0x000000001e8e4000 	/System/Library/Frameworks/AudioUnit.framework/Versions/A/AudioUnit
0x000000001e8e4000 	/System/Library/PrivateFrameworks/DataDetectorsCore.framework/Versions/A/DataDetectorsCore
0x000000001e8e4000 	/System/Library/PrivateFrameworks/DesktopServicesPriv.framework/Versions/A/DesktopServicesPriv
0x000000001e8e4000 	/System/Library/Frameworks/Carbon.framework/Versions/A/Frameworks/HIToolbox.framework/Versions/A/HIToolbox
0x000000001e8e4000 	/usr/lib/libicucore.A.dylib
0x000000001e8e4000 	/System/Library/Frameworks/QuartzCore.framework/Versions/A/QuartzCore
0x000000001e8e4000 	/System/Library/Frameworks/Carbon.framework/Versions/A/Frameworks/SpeechRecognition.framework/Versions/A/SpeechRecognition
0x000000001e8e4000 	/usr/lib/libauto.dylib
0x000000001e8e4000 	/usr/lib/libxml2.2.dylib
0x000000001e8e4000 	/System/Library/PrivateFrameworks/CoreUI.framework/Versions/A/CoreUI
0x000000001e8e4000 	/System/Library/Frameworks/CoreAudio.framework/Versions/A/CoreAudio
0x000000001e8e4000 	/System/Library/Frameworks/DiskArbitration.framework/Versions/A/DiskArbitration
0x000000001e8e4000 	/usr/lib/liblangid.dylib
0x000000001e8e4000 	/System/Library/PrivateFrameworks/MultitouchSupport.framework/Versions/A/MultitouchSupport
0x000000001e8e4000 	/System/Library/Frameworks/IOKit.framework/Versions/A/IOKit
0x000000001e8e4000 	/usr/lib/libDiagnosticMessagesClient.dylib
0x000000001e8e4000 	/System/Library/Frameworks/CoreServices.framework/Versions/A/CoreServices
0x000000001e8e4000 	/System/Library/PrivateFrameworks/PerformanceAnalysis.framework/Versions/A/PerformanceAnalysis
0x000000001e8e4000 	/System/Library/PrivateFrameworks/GenerationalStorage.framework/Versions/A/GenerationalStorage
0x000000001e8e4000 	/System/Library/Frameworks/OpenGL.framework/Versions/A/OpenGL
0x000000001e8e4000 	/System/Library/Frameworks/CoreImage.framework/Versions/A/CoreImage
0x000000001e8e4000 	/System/Library/Frameworks/CoreText.framework/Versions/A/CoreText
0x000000001e8e4000 	/System/Library/Frameworks/ImageIO.framework/Versions/A/ImageIO
0x000000001e8e4000 	/System/Library/PrivateFrameworks/Backup.framework/Versions/A/Backup
0x000000001e8e4000 	/usr/lib/libarchive.2.dylib
0x000000001e8e4000 	/System/Library/Frameworks/CFNetwork.framework/Versions/A/CFNetwork
0x000000001e8e4000 	/System/Library/Frameworks/SystemConfiguration.framework/Versions/A/SystemConfiguration
0x000000001e8e4000 	/usr/lib/libCRFSuite.dylib
0x000000001e8e4000 	/usr/lib/libc++.1.dylib
0x000000001e8e4000 	/usr/lib/libc++abi.dylib
0x000000001e8e4000 	/usr/lib/system/libcache.dylib
0x000000001e8e4000 	/usr/lib/system/libcommonCrypto.dylib
0x000000001e8e4000 	/usr/lib/system/libcompiler_rt.dylib
0x000000001e8e4000 	/usr/lib/system/libcopyfile.dylib
0x000000001e8e4000 	/usr/lib/system/libcorecrypto.dylib
0x000000001e8e4000 	/usr/lib/system/libdispatch.dylib
0x000000001e8e4000 	/usr/lib/system/libdyld.dylib
0x000000001e8e4000 	/usr/lib/system/libkeymgr.dylib
0x000000001e8e4000 	/usr/lib/system/liblaunch.dylib
0x000000001e8e4000 	/usr/lib/system/libmacho.dylib
0x000000001e8e4000 	/usr/lib/system/libquarantine.dylib
0x000000001e8e4000 	/usr/lib/system/libremovefile.dylib
0x000000001e8e4000 	/usr/lib/system/libsystem_asl.dylib
0x000000001e8e4000 	/usr/lib/system/libsystem_blocks.dylib
0x000000001e8e4000 	/usr/lib/system/libsystem_c.dylib
0x000000001e8e4000 	/usr/lib/system/libsystem_configuration.dylib
0x000000001e8e4000 	/usr/lib/system/libsystem_coreservices.dylib
0x000000001e8e4000 	/usr/lib/system/libsystem_coretls.dylib
0x000000001e8e4000 	/usr/lib/system/libsystem_dnssd.dylib
0x000000001e8e4000 	/usr/lib/system/libsystem_info.dylib
0x000000001e8e4000 	/usr/lib/system/libsystem_kernel.dylib
0x000000001e8e4000 	/usr/lib/system/libsystem_m.dylib
0x000000001e8e4000 	/usr/lib/system/libsystem_malloc.dylib
0x000000001e8e4000 	/usr/lib/system/libsystem_network.dylib
0x000000001e8e4000 	/usr/lib/system/libsystem_networkextension.dylib
0x000000001e8e4000 	/usr/lib/system/libsystem_notify.dylib
0x000000001e8e4000 	/usr/lib/system/libsystem_platform.dylib
0x000000001e8e4000 	/usr/lib/system/libsystem_pthread.dylib
0x000000001e8e4000 	/usr/lib/system/libsystem_sandbox.dylib
0x000000001e8e4000 	/usr/lib/system/libsystem_secinit.dylib
0x000000001e8e4000 	/usr/lib/system/libsystem_symptoms.dylib
0x000000001e8e4000 	/usr/lib/system/libsystem_trace.dylib
0x000000001e8e4000 	/usr/lib/system/libunwind.dylib
0x000000001e8e4000 	/usr/lib/system/libxpc.dylib
0x000000001e8e4000 	/usr/lib/libbsm.0.dylib
0x000000001e8e4000 	/usr/lib/system/libkxld.dylib
0x000000001e8e4000 	/usr/lib/libcoretls.dylib
0x000000001e8e4000 	/usr/lib/libcoretls_cfhelpers.dylib
0x000000001e8e4000 	/usr/lib/libOpenScriptingUtil.dylib
0x000000001e8e4000 	/usr/lib/libpam.2.dylib
0x000000001e8e4000 	/usr/lib/libsqlite3.dylib
0x000000001e8e4000 	/usr/lib/libxar.1.dylib
0x000000001e8e4000 	/usr/lib/libbz2.1.0.dylib
0x000000001e8e4000 	/usr/lib/liblzma.5.dylib
0x000000001e8e4000 	/usr/lib/libnetwork.dylib
0x000000001e8e4000 	/usr/lib/libpcap.A.dylib
0x000000001e8e4000 	/System/Library/Frameworks/CoreServices.framework/Versions/A/Frameworks/FSEvents.framework/Versions/A/FSEvents
0x000000001e8e4000 	/System/Library/Frameworks/CoreServices.framework/Versions/A/Frameworks/CarbonCore.framework/Versions/A/CarbonCore
0x000000001e8e4000 	/System/Library/Frameworks/CoreServices.framework/Versions/A/Frameworks/Metadata.framework/Versions/A/Metadata
0x000000001e8e4000 	/System/Library/Frameworks/CoreServices.framework/Versions/A/Frameworks/OSServices.framework/Versions/A/OSServices
0x000000001e8e4000 	/System/Library/Frameworks/CoreServices.framework/Versions/A/Frameworks/SearchKit.framework/Versions/A/SearchKit
0x000000001e8e4000 	/System/Library/Frameworks/CoreServices.framework/Versions/A/Frameworks/AE.framework/Versions/A/AE
0x000000001e8e4000 	/System/Library/Frameworks/CoreServices.framework/Versions/A/Frameworks/LaunchServices.framework/Versions/A/LaunchServices
0x000000001e8e4000 	/System/Library/Frameworks/CoreServices.framework/Versions/A/Frameworks/DictionaryServices.framework/Versions/A/DictionaryServices
0x000000001e8e4000 	/System/Library/Frameworks/CoreServices.framework/Versions/A/Frameworks/SharedFileList.framework/Versions/A/SharedFileList
0x000000001e8e4000 	/System/Library/Frameworks/NetFS.framework/Versions/A/NetFS
0x000000001e8e4000 	/System/Library/PrivateFrameworks/NetAuth.framework/Versions/A/NetAuth
0x000000001e8e4000 	/System/Library/PrivateFrameworks/login.framework/Versions/A/Frameworks/loginsupport.framework/Versions/A/loginsupport
0x000000001e8e4000 	/System/Library/PrivateFrameworks/TCC.framework/Versions/A/TCC
0x000000001e8e4000 	/usr/lib/libmecabra.dylib
0x000000001e8e4000 	/System/Library/Frameworks/ApplicationServices.framework/Versions/A/Frameworks/ATS.framework/Versions/A/ATS
0x000000001e8e4000 	/System/Library/Frameworks/ApplicationServices.framework/Versions/A/Frameworks/ColorSync.framework/Versions/A/ColorSync
0x000000001e8e4000 	/System/Library/Frameworks/ApplicationServices.framework/Versions/A/Frameworks/HIServices.framework/Versions/A/HIServices
0x000000001e8e4000 	/System/Library/Frameworks/ApplicationServices.framework/Versions/A/Frameworks/LangAnalysis.framework/Versions/A/LangAnalysis
0x000000001e8e4000 	/System/Library/Frameworks/ApplicationServices.framework/Versions/A/Frameworks/PrintCore.framework/Versions/A/PrintCore
0x000000001e8e4000 	/System/Library/Frameworks/ApplicationServices.framework/Versions/A/Frameworks/QD.framework/Versions/A/QD
0x000000001e8e4000 	/System/Library/Frameworks/ApplicationServices.framework/Versions/A/Frameworks/SpeechSynthesis.framework/Versions/A/SpeechSynthesis
0x000000001e8e4000 	/System/Library/Frameworks/Accelerate.framework/Versions/A/Frameworks/vImage.framework/Versions/A/vImage
0x000000001e8e4000 	/System/Library/Frameworks/Accelerate.framework/Versions/A/Frameworks/vecLib.framework/Versions/A/vecLib
0x000000001e8e4000 	/System/Library/Frameworks/Accelerate.framework/Versions/A/Frameworks/vecLib.framework/Versions/A/libvDSP.dylib
0x000000001e8e4000 	/System/Library/Frameworks/Accelerate.framework/Versions/A/Frameworks/vecLib.framework/Versions/A/libBNNS.dylib
0x000000001e8e4000 	/System/Library/Frameworks/Accelerate.framework/Versions/A/Frameworks/vecLib.framework/Versions/A/libQuadrature.dylib
0x000000001e8e4000 	/System/Library/Frameworks/Accelerate.framework/Versions/A/Frameworks/vecLib.framework/Versions/A/libvMisc.dylib
0x000000001e8e4000 	/System/Library/Frameworks/Accelerate.framework/Versions/A/Frameworks/vecLib.framework/Versions/A/libLAPACK.dylib
0x000000001e8e4000 	/System/Library/Frameworks/Accelerate.framework/Versions/A/Frameworks/vecLib.framework/Versions/A/libBLAS.dylib
0x000000001e8e4000 	/System/Library/Frameworks/Accelerate.framework/Versions/A/Frameworks/vecLib.framework/Versions/A/libLinearAlgebra.dylib
0x000000001e8e4000 	/System/Library/Frameworks/Accelerate.framework/Versions/A/Frameworks/vecLib.framework/Versions/A/libSparseBLAS.dylib
0x000000001e8e4000 	/System/Library/Frameworks/ApplicationServices.framework/Versions/A/Frameworks/ATS.framework/Versions/A/Resources/libFontParser.dylib
0x000000001e8e4000 	/System/Library/Frameworks/ApplicationServices.framework/Versions/A/Frameworks/ATS.framework/Versions/A/Resources/libFontRegistry.dylib
0x000000001e8e4000 	/System/Library/Frameworks/ImageIO.framework/Versions/A/Resources/libJPEG.dylib
0x000000001e8e4000 	/System/Library/Frameworks/ImageIO.framework/Versions/A/Resources/libTIFF.dylib
0x000000001e8e4000 	/System/Library/Frameworks/ImageIO.framework/Versions/A/Resources/libPng.dylib
0x000000001e8e4000 	/System/Library/Frameworks/ImageIO.framework/Versions/A/Resources/libGIF.dylib
0x000000001e8e4000 	/System/Library/Frameworks/ImageIO.framework/Versions/A/Resources/libJP2.dylib
0x000000001e8e4000 	/System/Library/Frameworks/ImageIO.framework/Versions/A/Resources/libRadiance.dylib
0x000000001e8e4000 	/usr/lib/libcompression.dylib
0x000000001e8e4000 	/System/Library/PrivateFrameworks/AppleJPEG.framework/Versions/A/AppleJPEG
0x000000001e8e4000 	/usr/lib/libcups.2.dylib
0x000000001e8e4000 	/System/Library/Frameworks/Kerberos.framework/Versions/A/Kerberos
0x000000001e8e4000 	/System/Library/Frameworks/GSS.framework/Versions/A/GSS
0x000000001e8e4000 	/usr/lib/libresolv.9.dylib
0x000000001e8e4000 	/usr/lib/libiconv.2.dylib
0x000000001e8e4000 	/System/Library/PrivateFrameworks/Heimdal.framework/Versions/A/Heimdal
0x000000001e8e4000 	/usr/lib/libheimdal-asn1.dylib
0x000000001e8e4000 	/System/Library/Frameworks/OpenDirectory.framework/Versions/A/OpenDirectory
0x000000001e8e4000 	/System/Library/PrivateFrameworks/CommonAuth.framework/Versions/A/CommonAuth
0x000000001e8e4000 	/System/Library/Frameworks/OpenDirectory.framework/Versions/A/Frameworks/CFOpenDirectory.framework/Versions/A/CFOpenDirectory
0x000000001e8e4000 	/System/Library/Frameworks/SecurityFoundation.framework/Versions/A/SecurityFoundation
0x000000001e8e4000 	/System/Library/PrivateFrameworks/LanguageModeling.framework/Versions/A/LanguageModeling
0x000000001e8e4000 	/usr/lib/libmarisa.dylib
0x000000001e8e4000 	/usr/lib/libChineseTokenizer.dylib
0x000000001e8e4000 	/usr/lib/libcmph.dylib
0x000000001e8e4000 	/System/Library/PrivateFrameworks/CoreEmoji.framework/Versions/A/CoreEmoji
0x000000001e8e4000 	/System/Library/Frameworks/ServiceManagement.framework/Versions/A/ServiceManagement
0x000000001e8e4000 	/usr/lib/libxslt.1.dylib
0x000000001e8e4000 	/System/Library/Frameworks/Carbon.framework/Versions/A/Frameworks/Ink.framework/Versions/A/Ink
0x000000001e8e4000 	/System/Library/PrivateFrameworks/TextureIO.framework/Versions/A/TextureIO
0x000000001e8e4000 	/System/Library/Frameworks/Metal.framework/Versions/A/Metal
0x000000001e8e4000 	/usr/lib/libate.dylib
0x000000001e8e4000 	/System/Library/PrivateFrameworks/GPUCompiler.framework/libmetal_timestamp.dylib
0x000000001e8e4000 	/System/Library/Frameworks/OpenGL.framework/Versions/A/Libraries/libCoreFSCache.dylib
0x000000001e8e4000 	/System/Library/PrivateFrameworks/IOAccelerator.framework/Versions/A/IOAccelerator
0x000000001e8e4000 	/System/Library/Frameworks/CoreVideo.framework/Versions/A/CoreVideo
0x000000001e8e4000 	/usr/lib/libFosl_dynamic.dylib
0x000000001e8e4000 	/System/Library/PrivateFrameworks/MetalPerformanceShaders.framework/Versions/A/MetalPerformanceShaders
0x000000001e8e4000 	/System/Library/PrivateFrameworks/FaceCore.framework/Versions/A/FaceCore
0x000000001e8e4000 	/System/Library/Frameworks/OpenCL.framework/Versions/A/OpenCL
0x000000001e8e4000 	/System/Library/Frameworks/OpenGL.framework/Versions/A/Libraries/libGLU.dylib
0x000000001e8e4000 	/System/Library/Frameworks/OpenGL.framework/Versions/A/Libraries/libGFXShared.dylib
0x000000001e8e4000 	/System/Library/Frameworks/OpenGL.framework/Versions/A/Libraries/libGL.dylib
0x000000001e8e4000 	/System/Library/Frameworks/OpenGL.framework/Versions/A/Libraries/libGLImage.dylib
0x000000001e8e4000 	/System/Library/Frameworks/OpenGL.framework/Versions/A/Libraries/libCVMSPluginSupport.dylib
0x000000001e8e4000 	/System/Library/Frameworks/OpenGL.framework/Versions/A/Libraries/libCoreVMClient.dylib
0x000000001e8e4000 	/System/Library/PrivateFrameworks/CrashReporterSupport.framework/Versions/A/CrashReporterSupport
0x000000001e8e4000 	/System/Library/PrivateFrameworks/Sharing.framework/Versions/A/Sharing
0x000000001e8e4000 	/System/Library/PrivateFrameworks/IconServices.framework/Versions/A/IconServices
0x000000001e8e4000 	/System/Library/PrivateFrameworks/ProtocolBuffer.framework/Versions/A/ProtocolBuffer
0x000000001e8e4000 	/System/Library/PrivateFrameworks/Apple80211.framework/Versions/A/Apple80211
0x000000001e8e4000 	/System/Library/Frameworks/CoreWLAN.framework/Versions/A/CoreWLAN
0x000000001e8e4000 	/System/Library/PrivateFrameworks/CoreUtils.framework/Versions/A/CoreUtils
0x000000001e8e4000 	/System/Library/Frameworks/IOBluetooth.framework/Versions/A/IOBluetooth
0x000000001e8e4000 	/System/Library/PrivateFrameworks/CoreWiFi.framework/Versions/A/CoreWiFi
0x000000001e8e4000 	/System/Library/Frameworks/CoreBluetooth.framework/Versions/A/CoreBluetooth
0x000000001e8e4000 	/System/Library/Frameworks/CoreDisplay.framework/Versions/A/CoreDisplay
0x000000001e8e4000 	/System/Library/PrivateFrameworks/IOPresentment.framework/Versions/A/IOPresentment
0x000000001e8e4000 	/System/Library/PrivateFrameworks/DSExternalDisplay.framework/Versions/A/DSExternalDisplay
0x000000001e8e4000 	/System/Library/PrivateFrameworks/DebugSymbols.framework/Versions/A/DebugSymbols
0x000000001e8e4000 	/System/Library/PrivateFrameworks/CoreSymbolication.framework/Versions/A/CoreSymbolication
0x000000001e8e4000 	/System/Library/PrivateFrameworks/Symbolication.framework/Versions/A/Symbolication
0x000000001e8e4000 	/System/Library/PrivateFrameworks/AppleFSCompression.framework/Versions/A/AppleFSCompression
0x000000001e8e4000 	/System/Library/PrivateFrameworks/SpeechRecognitionCore.framework/Versions/A/SpeechRecognitionCore
0x000000001e8e4000 	/System/Library/PrivateFrameworks/ChunkingLibrary.framework/Versions/A/ChunkingLibrary
0x0000000051e91000 	/System/Library/CoreServices/Encodings/libCyrillicConverter.dylib
0x000000010c1c7000 	/Library/Java/JavaVirtualMachines/jdk1.8.0_60.jdk/Contents/Home/jre/lib/server/libjvm.dylib
0x000000001e8e4000 	/usr/lib/libstdc++.6.dylib
0x000000010d150000 	/Library/Java/JavaVirtualMachines/jdk1.8.0_60.jdk/Contents/Home/jre/lib/libverify.dylib
0x000000010d15e000 	/Library/Java/JavaVirtualMachines/jdk1.8.0_60.jdk/Contents/Home/jre/lib/libjava.dylib
0x000000010d19d000 	/Library/Java/JavaVirtualMachines/jdk1.8.0_60.jdk/Contents/Home/jre/lib/libzip.dylib
0x000000010d1e3000 	/System/Library/Frameworks/JavaVM.framework/Frameworks/JavaRuntimeSupport.framework/JavaRuntimeSupport
0x0000000111dbd000 	/System/Library/Frameworks/JavaVM.framework/Versions/A/Frameworks/JavaNativeFoundation.framework/Versions/A/JavaNativeFoundation
0x0000000111dd2000 	/System/Library/Frameworks/JavaVM.framework/Versions/A/JavaVM
0x000000001e8e4000 	/System/Library/Frameworks/Carbon.framework/Versions/A/Carbon
0x0000000111ddf000 	/System/Library/PrivateFrameworks/JavaLaunching.framework/Versions/A/JavaLaunching
0x000000001e8e4000 	/System/Library/Frameworks/Carbon.framework/Versions/A/Frameworks/CommonPanels.framework/Versions/A/CommonPanels
0x000000001e8e4000 	/System/Library/Frameworks/Carbon.framework/Versions/A/Frameworks/Help.framework/Versions/A/Help
0x000000001e8e4000 	/System/Library/Frameworks/Carbon.framework/Versions/A/Frameworks/ImageCapture.framework/Versions/A/ImageCapture
0x000000001e8e4000 	/System/Library/Frameworks/Carbon.framework/Versions/A/Frameworks/OpenScripting.framework/Versions/A/OpenScripting
0x000000001e8e4000 	/System/Library/Frameworks/Carbon.framework/Versions/A/Frameworks/Print.framework/Versions/A/Print
0x000000001e8e4000 	/System/Library/Frameworks/Carbon.framework/Versions/A/Frameworks/SecurityHI.framework/Versions/A/SecurityHI
0x0000000113812000 	/Applications/IntelliJ IDEA.app/Contents/bin/libbreakgen64.jnilib
0x0000000113815000 	/Library/Java/JavaVirtualMachines/jdk1.8.0_60.jdk/Contents/Home/jre/lib/libnet.dylib
0x000000011390a000 	/Library/Java/JavaVirtualMachines/jdk1.8.0_60.jdk/Contents/Home/jre/lib/libprism_es2.dylib
0x0000000113970000 	/System/Library/Frameworks/OpenGL.framework/Resources/GLEngine.bundle/GLEngine
0x000000001e8e4000 	/System/Library/Frameworks/OpenGL.framework/Versions/A/Libraries/libGLProgrammability.dylib
0x0000000113b55000 	/System/Library/Extensions/AppleIntelHD5000GraphicsGLDriver.bundle/Contents/MacOS/AppleIntelHD5000GraphicsGLDriver
0x000000001e8e4000 	/System/Library/PrivateFrameworks/GPUSupport.framework/Versions/A/Libraries/libGPUSupportMercury.dylib
0x00000001142c8000 	/System/Library/Frameworks/OpenGL.framework/Resources//GLRendererFloat.bundle/GLRendererFloat
0x000000001e8e4000 	/System/Library/Frameworks/OpenCL.framework/Versions/A/Libraries/libcldcpuengine.dylib
0x000000001e8e4000 	/usr/lib/libcrypto.0.9.8.dylib
0x000000001e8e4000 	/System/Library/PrivateFrameworks/TrustEvaluationAgent.framework/Versions/A/TrustEvaluationAgent
0x000000011472b000 	/Library/Java/JavaVirtualMachines/jdk1.8.0_60.jdk/Contents/Home/jre/lib/libglass.dylib
0x000000001e8e4000 	/System/Library/PrivateFrameworks/CoreServicesInternal.framework/Versions/A/CoreServicesInternal
0x000000001e8e4000 	/System/Library/CoreServices/RawCamera.bundle/Contents/MacOS/RawCamera
0x000000001e8e4000 	/System/Library/Frameworks/Accelerate.framework/Versions/A/Frameworks/vImage.framework/Versions/A/Libraries/libCGInterfaces.dylib
0x000000001e8e4000 	/System/Library/PrivateFrameworks/FamilyControls.framework/Versions/A/FamilyControls
0x000000001e8e4000 	/System/Library/PrivateFrameworks/CommerceKit.framework/Versions/A/Frameworks/CommerceCore.framework/Versions/A/CommerceCore
0x000000001e8e4000 	/System/Library/PrivateFrameworks/SystemAdministration.framework/Versions/A/SystemAdministration
0x000000001e8e4000 	/System/Library/PrivateFrameworks/AppContainer.framework/Versions/A/AppContainer
0x000000001e8e4000 	/System/Library/PrivateFrameworks/SecCodeWrapper.framework/Versions/A/SecCodeWrapper
0x000000001e8e4000 	/System/Library/Frameworks/DirectoryService.framework/Versions/A/DirectoryService
0x000000001e8e4000 	/System/Library/PrivateFrameworks/DiskImages.framework/Versions/A/DiskImages
0x000000001e8e4000 	/System/Library/PrivateFrameworks/LoginUIKit.framework/Versions/A/Frameworks/LoginUICore.framework/Versions/A/LoginUICore
0x000000001e8e4000 	/usr/lib/libCoreStorage.dylib
0x000000001e8e4000 	/usr/lib/libcsfde.dylib
0x000000001e8e4000 	/usr/lib/libodfde.dylib
0x000000001e8e4000 	/System/Library/Frameworks/DiscRecording.framework/Versions/A/DiscRecording
0x000000001e8e4000 	/usr/lib/libcurl.4.dylib
0x000000001e8e4000 	/System/Library/PrivateFrameworks/MediaKit.framework/Versions/A/MediaKit
0x000000001e8e4000 	/System/Library/PrivateFrameworks/ProtectedCloudStorage.framework/Versions/A/ProtectedCloudStorage
0x000000001e8e4000 	/System/Library/PrivateFrameworks/EFILogin.framework/Versions/A/EFILogin
0x000000001e8e4000 	/usr/lib/libutil.dylib
0x000000001e8e4000 	/System/Library/Frameworks/LDAP.framework/Versions/A/LDAP
0x000000001e8e4000 	/usr/lib/libsasl2.2.dylib
0x000000001e8e4000 	/System/Library/PrivateFrameworks/CoreDaemon.framework/Versions/B/CoreDaemon
0x000000001e8e4000 	/System/Library/PrivateFrameworks/AppleSRP.framework/Versions/A/AppleSRP
0x000000001e8e4000 	/System/Library/PrivateFrameworks/APFS.framework/Versions/A/APFS
0x0000000124b04000 	/Library/Java/JavaVirtualMachines/jdk1.8.0_60.jdk/Contents/Home/jre/lib/libjavafx_font.dylib
0x000000001e8e4000 	/System/Library/Frameworks/ApplicationServices.framework/Versions/A/Frameworks/ATS.framework/Versions/A/Resources/libTrueTypeScaler.dylib
0x0000000129d97000 	/System/Library/Extensions/AppleIntelHD5000GraphicsMTLDriver.bundle/Contents/MacOS/AppleIntelHD5000GraphicsMTLDriver
0x000000012811b000 	/Library/Java/JavaVirtualMachines/jdk1.8.0_60.jdk/Contents/Home/jre/lib/libprism_common.dylib
0x000000001e8e4000 	/System/Library/PrivateFrameworks/ViewBridge.framework/Versions/A/ViewBridge
0x000000001e8e4000 	/System/Library/PrivateFrameworks/XPCService.framework/Versions/A/XPCService
0x000000001e8e4000 	/System/Library/PrivateFrameworks/AppSandbox.framework/Versions/A/AppSandbox
0x000000001e8e4000 	/usr/lib/libsandbox.1.dylib
0x000000001e8e4000 	/usr/lib/libMatch.1.dylib
0x0000000128844000 	/Library/Java/JavaVirtualMachines/jdk1.8.0_60.jdk/Contents/Home/jre/lib/libawt.dylib
0x000000012b8ab000 	/Library/Java/JavaVirtualMachines/jdk1.8.0_60.jdk/Contents/Home/jre/lib/./libmlib_image.dylib
0x000000012b977000 	/Library/Java/JavaVirtualMachines/jdk1.8.0_60.jdk/Contents/Home/jre/lib/libawt_lwawt.dylib
0x0000000124b85000 	/Library/Java/JavaVirtualMachines/jdk1.8.0_60.jdk/Contents/Home/jre/lib/./libosxapp.dylib
0x000000001e8e4000 	/System/Library/Frameworks/ExceptionHandling.framework/Versions/A/ExceptionHandling
0x0000000128955000 	/Library/Java/JavaVirtualMachines/jdk1.8.0_60.jdk/Contents/Home/jre/lib/libfontmanager.dylib
0x0000000124c97000 	/Library/Java/JavaVirtualMachines/jdk1.8.0_60.jdk/Contents/Home/jre/lib/libosxui.dylib
0x0000000128584000 	/Library/Java/JavaVirtualMachines/jdk1.8.0_60.jdk/Contents/Home/jre/lib/libnio.dylib

VM Arguments:
jvm_args: -Didea.launcher.port=7535 -Didea.launcher.bin.path=/Applications/IntelliJ IDEA.app/Contents/bin -Dfile.encoding=UTF-8 
java_command: com.intellij.rt.execution.application.AppMain Main.Main
java_class_path (initial): /Library/Java/JavaVirtualMachines/jdk1.8.0_60.jdk/Contents/Home/jre/lib/charsets.jar:/Library/Java/JavaVirtualMachines/jdk1.8.0_60.jdk/Contents/Home/jre/lib/deploy.jar:/Library/Java/JavaVirtualMachines/jdk1.8.0_60.jdk/Contents/Home/jre/lib/ext/cldrdata.jar:/Library/Java/JavaVirtualMachines/jdk1.8.0_60.jdk/Contents/Home/jre/lib/ext/dnsns.jar:/Library/Java/JavaVirtualMachines/jdk1.8.0_60.jdk/Contents/Home/jre/lib/ext/jaccess.jar:/Library/Java/JavaVirtualMachines/jdk1.8.0_60.jdk/Contents/Home/jre/lib/ext/jfxrt.jar:/Library/Java/JavaVirtualMachines/jdk1.8.0_60.jdk/Contents/Home/jre/lib/ext/localedata.jar:/Library/Java/JavaVirtualMachines/jdk1.8.0_60.jdk/Contents/Home/jre/lib/ext/nashorn.jar:/Library/Java/JavaVirtualMachines/jdk1.8.0_60.jdk/Contents/Home/jre/lib/ext/sunec.jar:/Library/Java/JavaVirtualMachines/jdk1.8.0_60.jdk/Contents/Home/jre/lib/ext/sunjce_provider.jar:/Library/Java/JavaVirtualMachines/jdk1.8.0_60.jdk/Contents/Home/jre/lib/ext/sunpkcs11.jar:/Library/Java/JavaVirtualMachines/jdk1.8.0_60.jdk/Contents/Home/jre/lib/ext/zipfs.jar:/Library/Java/JavaVirtualMachines/jdk1.8.0_60.jdk/Contents/Home/jre/lib/javaws.jar:/Library/Java/JavaVirtualMachines/jdk1.8.0_60.jdk/Contents/Home/jre/lib/jce.jar:/Library/Java/JavaVirtualMachines/jdk1.8.0_60.jdk/Contents/Home/jre/lib/jfr.jar:/Library/Java/JavaVirtualMachines/jdk1.8.0_60.jdk/Contents/Home/jre/lib/jfxswt.jar:/Library/Java/JavaVirtualMachines/jdk1.8.0_60.jdk/Contents/Home/jre/lib/jsse.jar:/Library/Java/JavaVirtualMachines/jdk1.8.0_60.jdk/Contents/Home/jre/lib/management-agent.jar:/Library/Java/JavaVirtualMachines/jdk1.8.0_60.jdk/Contents/Home/jre/lib/plugin.jar:/Library/Java/JavaVirtualMachines/jdk1.8.0_60.jdk/Contents/Home/jre/lib/resources.jar:/Library/Java/JavaVirtualMachines/jdk1.8.0_60.jdk/Contents/Home/jre/lib/rt.jar:/Library/Java/JavaVirtualMachines/jdk1.8.0_60.jdk/Contents/Home/lib/ant-javafx.jar:/Library/Java/JavaVirtualMachines/jdk1.8.0_60.jdk/Contents/Home/lib/dt.jar:/Library/Ja
Launcher Type: SUN_STANDARD

Environment Variables:
PATH=~/Downloads/WCMCommander-release-0.20.0:/usr/local/mysql/bin:/opt/local/bin:/opt/local/sbin:/Library/Frameworks/Python.framework/Versions/3.5/bin:/Library/Frameworks/Python.framework/Versions/3.6/bin:/Users/ilyadonskoj/bin:/usr/local/bin:/usr/local/bin:/usr/bin:/bin:/usr/sbin:/sbin:/opt/X11/bin:/usr/local/share/dotnet:/usr/local/go/bin:/Library/Frameworks/Mono.framework/Versions/Current/Commands:/Library/TeX/texbin
SHELL=/bin/bash
DISPLAY=/private/tmp/com.apple.launchd.4PdFyGmIbm/org.macosforge.xquartz:0

Signal Handlers:
SIGSEGV: [libjvm.dylib+0x5a6d31], sa_mask[0]=11111111011111110111111111111111, sa_flags=SA_ONSTACK|SA_RESTART|SA_SIGINFO
SIGBUS: [libjvm.dylib+0x5a6d31], sa_mask[0]=11111111011111110111111111111111, sa_flags=SA_RESTART|SA_SIGINFO
SIGFPE: [libjvm.dylib+0x480a4c], sa_mask[0]=11111111011111110111111111111111, sa_flags=SA_RESTART|SA_SIGINFO
SIGPIPE: [libjvm.dylib+0x480a4c], sa_mask[0]=11111111011111110111111111111111, sa_flags=SA_RESTART|SA_SIGINFO
SIGXFSZ: [libjvm.dylib+0x480a4c], sa_mask[0]=11111111011111110111111111111111, sa_flags=SA_RESTART|SA_SIGINFO
SIGILL: [libjvm.dylib+0x480a4c], sa_mask[0]=11111111011111110111111111111111, sa_flags=SA_RESTART|SA_SIGINFO
SIGUSR1: SIG_DFL, sa_mask[0]=00000000000000000000000000000000, sa_flags=none
SIGUSR2: [libjvm.dylib+0x48056a], sa_mask[0]=00100000000000000000000000000000, sa_flags=SA_RESTART|SA_SIGINFO
SIGHUP: [libjvm.dylib+0x47eb41], sa_mask[0]=11111111011111110111111111111111, sa_flags=SA_RESTART|SA_SIGINFO
SIGINT: [libjvm.dylib+0x47eb41], sa_mask[0]=11111111011111110111111111111111, sa_flags=SA_RESTART|SA_SIGINFO
SIGTERM: [libjvm.dylib+0x47eb41], sa_mask[0]=11111111011111110111111111111111, sa_flags=SA_RESTART|SA_SIGINFO
SIGQUIT: [libjvm.dylib+0x47eb41], sa_mask[0]=11111111011111110111111111111111, sa_flags=SA_RESTART|SA_SIGINFO


---------------  S Y S T E M  ---------------

OS:Bsduname:Darwin 16.6.0 Darwin Kernel Version 16.6.0: Fri Apr 14 16:21:16 PDT 2017; root:xnu-3789.60.24~6/RELEASE_X86_64 x86_64
rlimit: STACK 8192k, CORE 0k, NPROC 709, NOFILE 10240, AS infinity
load average:2.56 2.39 2.18

CPU:total 4 (2 cores per cpu, 2 threads per core) family 6 model 69 stepping 1, cmov, cx8, fxsr, mmx, sse, sse2, sse3, ssse3, sse4.1, sse4.2, popcnt, avx, avx2, aes, clmul, erms, lzcnt, ht, tsc, tscinvbit, bmi1, bmi2

Memory: 4k page, physical 4194304k(49044k free)

/proc/meminfo:


vm_info: Java HotSpot(TM) 64-Bit Server VM (25.60-b23) for bsd-amd64 JRE (1.8.0_60-b27), built on Aug  4 2015 10:47:24 by "java_re" with gcc 4.2.1 (Based on Apple Inc. build 5658) (LLVM build 2336.11.00)

time: Fri Dec 15 12:48:18 2017
elapsed time: 21 seconds (0d 0h 0m 21s)

