#
# A fatal error has been detected by the Java Runtime Environment:
#
#  SIGSEGV (0xb) at pc=0x0000000108b692ce, pid=1240, tid=775
#
# JRE version: Java(TM) SE Runtime Environment (8.0_60-b27) (build 1.8.0_60-b27)
# Java VM: Java HotSpot(TM) 64-Bit Server VM (25.60-b23 mixed mode bsd-amd64 compressed oops)
# Problematic frame:
# V  [libjvm.dylib+0x1692ce]  ThreadStateTransition::trans_from_native(JavaThreadState)+0xa
#
# Failed to write core dump. Core dumps have been disabled. To enable core dumping, try "ulimit -c unlimited" before starting Java again
#
# If you would like to submit a bug report, please visit:
#   http://bugreport.java.com/bugreport/crash.jsp
#

---------------  T H R E A D  ---------------

Current thread is native thread

siginfo: si_signo: 11 (SIGSEGV), si_code: 1 (SEGV_MAPERR), si_addr: 0x0000000000000270

Registers:
RAX=0x0000000000000000, RBX=0x0000000000000000, RCX=0x0000000108d1121b, RDX=0x00007fc99ea1f9f8
RSP=0x00007fff57bc6060, RBP=0x00007fff57bc6070, RSI=0x0000000000000006, RDI=0x00007fff57bc60b0
R8 =0x0000000000000000, R9 =0x000000000000034d, R10=0x000000010dcbee90, R11=0x00007fc9a2cd4bc0
R12=0x00007fc99ea1f9f8, R13=0x00007fc9a2c60840, R14=0x00007fc99ea1f9f8, R15=0x0000000000000000
RIP=0x0000000108b692ce, EFLAGS=0x0000000000010246, ERR=0x0000000000000006
  TRAPNO=0x000000000000000e

Top of Stack: (sp=0x00007fff57bc6060)
0x00007fff57bc6060:   00007fc99dfad250 00007fc99ea1f9f8
0x00007fff57bc6070:   00007fff57bc60d0 0000000108d1124b
0x00007fff57bc6080:   5ba8574da5850045 00007fc9a0301ef0
0x00007fff57bc6090:   00007fc9a4e4aa00 00007fc9a2c5ff20
0x00007fff57bc60a0:   00007fff57bc60d0 00000001240436e9
0x00007fff57bc60b0:   0000000000000000 00007fc9a0782590
0x00007fff57bc60c0:   00007fc9a4e4aa00 00007fc9a2c5ff20
0x00007fff57bc60d0:   00007fff57bc6130 00000001277c9ebb
0x00007fff57bc60e0:   5ba8574da5850045 0000000000000000
0x00007fff57bc60f0:   40b14c61f4273ba6 0000000000000000
0x00007fff57bc6100:   00007fff57bc6130 00007fc9a2c5ff20
0x00007fff57bc6110:   00007fc9a0301ef0 00007fc9a2c60840
0x00007fff57bc6120:   00007fc9a2c5ff20 00007fff9ffe2040
0x00007fff57bc6130:   00007fff57bc61b0 00007fff90d7f181
0x00007fff57bc6140:   00007fc99f164400 0000000000000000
0x00007fff57bc6150:   000001de57bc6190 00007fc9a4e4aa00
0x00007fff57bc6160:   0000000000000000 0000000000000000
0x00007fff57bc6170:   0000000400000000 40b14c61f4273ba6
0x00007fff57bc6180:   00007fff57bc61b0 00007fc9a2c5ff20
0x00007fff57bc6190:   0000000000000004 0000000000000000
0x00007fff57bc61a0:   00007fff9ffe2040 00007fff8986f557
0x00007fff57bc61b0:   00007fff57bc6220 00007fff90d7ecff
0x00007fff57bc61c0:   3ff0000000000000 408a680000000000
0x00007fff57bc61d0:   407de00000000000 0000000000000000
0x00007fff57bc61e0:   0000000000000000 408a680000000000
0x00007fff57bc61f0:   407de00000000000 00007fff57bc62f0
0x00007fff57bc6200:   00007fc9a0401878 0000000000000000
0x00007fff57bc6210:   00007fff8987820e 00007fc99f164400
0x00007fff57bc6220:   00007fff57bc72f0 00007fff90d9206e
0x00007fff57bc6230:   00007fff57bc72f0 00007fff90d91f44
0x00007fff57bc6240:   00007fc9a0401878 00007fc9a0401878
0x00007fff57bc6250:   00007fc9a04017d0 00007fc99f164400 

Instructions: (pc=0x0000000108b692ce)
0x0000000108b692ae:   0e 48 8b 0b 49 8b 56 18 48 63 c0 48 89 0c c2 5b
0x0000000108b692be:   41 5e 5d c3 90 90 55 48 89 e5 41 56 53 48 8b 1f
0x0000000108b692ce:   c7 83 70 02 00 00 05 00 00 00 48 8d 05 d9 50 77
0x0000000108b692de:   00 8b 00 83 f8 01 41 89 f6 75 0c 48 8d 0d 16 b8 

Register to memory mapping:

RAX=0x0000000000000000 is an unknown value
RBX=0x0000000000000000 is an unknown value
RCX=0x0000000108d1121b: jni_NewLocalRef+0 in /Library/Java/JavaVirtualMachines/jdk1.8.0_60.jdk/Contents/Home/jre/lib/server/libjvm.dylib at 0x0000000108a00000
RDX=0x00007fc99ea1f9f8 is an unknown value
RSP=0x00007fff57bc6060 is an unknown value
RBP=0x00007fff57bc6070 is an unknown value
RSI=0x0000000000000006 is an unknown value
RDI=0x00007fff57bc60b0 is an unknown value
R8 =0x0000000000000000 is an unknown value
R9 =0x000000000000034d is an unknown value
R10=0x000000010dcbee90: OBJC_CLASS_$_JNFJObjectWrapper+0 in /System/Library/Frameworks/JavaVM.framework/Versions/A/Frameworks/JavaNativeFoundation.framework/Versions/A/JavaNativeFoundation at 0x000000010dcb4000
R11=0x00007fc9a2cd4bc0 is an unknown value
R12=0x00007fc99ea1f9f8 is an unknown value
R13=0x00007fc9a2c60840 is an unknown value
R14=0x00007fc99ea1f9f8 is an unknown value
R15=0x0000000000000000 is an unknown value


Stack: [0x00007fff573cb000,0x00007fff57bcb000],  sp=0x00007fff57bc6060,  free space=8172k
Native frames: (J=compiled Java code, j=interpreted, Vv=VM code, C=native code)
V  [libjvm.dylib+0x1692ce]  ThreadStateTransition::trans_from_native(JavaThreadState)+0xa
V  [libjvm.dylib+0x31124b]  jni_NewLocalRef+0x30
C  [libawt_lwawt.dylib+0x19ebb]  -[CGLLayer drawInCGLContext:pixelFormat:forLayerTime:displayTime:]+0xee
C  [QuartzCore+0x113181]  CAOpenGLLayerDraw(CAOpenGLLayer*, double, CVTimeStamp const*, unsigned int)+0x369
C  [QuartzCore+0x112cff]  -[CAOpenGLLayer _display]+0x15f
C  [QuartzCore+0x12606e]  CA::Layer::display_if_needed(CA::Transaction*)+0x23c
C  [QuartzCore+0x126199]  CA::Layer::layout_and_display_if_needed(CA::Transaction*)+0x23
C  [QuartzCore+0x11b950]  CA::Context::commit_transaction(CA::Transaction*)+0x118
C  [QuartzCore+0x10881]  CA::Transaction::commit()+0x1db
C  [QuartzCore+0x1129c]  CA::Transaction::observer_callback(__CFRunLoopObserver*, unsigned long, void*)+0x6c
C  [CoreFoundation+0xa6d37]  __CFRUNLOOP_IS_CALLING_OUT_TO_AN_OBSERVER_CALLBACK_FUNCTION__+0x17
C  [CoreFoundation+0xa6ca7]  __CFRunLoopDoObservers+0x187
C  [CoreFoundation+0x8782e]  __CFRunLoopRun+0x4be
C  [CoreFoundation+0x87114]  CFRunLoopRunSpecific+0x1a4
C  [java+0x6463]  CreateExecutionEnvironment+0x367
C  [java+0x21ac]  JLI_Launch+0x7a0
C  [java+0x84c0]  main+0x65
C  [java+0x1a04]  start+0x34


---------------  P R O C E S S  ---------------

VM state:not at safepoint (normal execution)

VM Mutex/Monitor currently owned by a thread: None

Heap:
 PSYoungGen      total 18944K, used 7478K [0x00000007aab00000, 0x00000007ac000000, 0x00000007c0000000)
  eden space 16384K, 45% used [0x00000007aab00000,0x00000007ab24dbd8,0x00000007abb00000)
  from space 2560K, 0% used [0x00000007abd80000,0x00000007abd80000,0x00000007ac000000)
  to   space 2560K, 0% used [0x00000007abb00000,0x00000007abb00000,0x00000007abd80000)
 ParOldGen       total 35840K, used 11737K [0x0000000780000000, 0x0000000782300000, 0x00000007aab00000)
  object space 35840K, 32% used [0x0000000780000000,0x0000000780b764f0,0x0000000782300000)
 Metaspace       used 25603K, capacity 27124K, committed 27392K, reserved 1073152K
  class space    used 3548K, capacity 3825K, committed 3840K, reserved 1048576K

Card table byte_map: [0x0000000109d49000,0x0000000109f4a000] byte_map_base: 0x0000000106149000

Marking Bits: (ParMarkBitMap*) 0x00000001092dee20
 Begin Bits: [0x000000010a0a0000, 0x000000010b0a0000)
 End Bits:   [0x000000010b0a0000, 0x000000010c0a0000)

Polling page: 0x00000001080fb000

CodeCache: size=245760Kb used=10645Kb max_used=10787Kb free=235114Kb
 bounds [0x000000010fade000, 0x000000011056e000, 0x000000011eade000]
 total_blobs=4304 nmethods=3485 adapters=730
 compilation: enabled

Compilation events (10 events):
Event: 21.801 Thread 0x00007fc99e027000 3703  s    4       java.util.Vector::elementAt (48 bytes)
Event: 21.801 Thread 0x00007fc99e032000 nmethod 3675 0x00000001100f6810 code [0x00000001100f69e0, 0x00000001100f7068]
Event: 21.801 Thread 0x00007fc99e032000 3676       3       javax.swing.UIManager::getBoolean (8 bytes)
Event: 21.802 Thread 0x00007fc99f819800 nmethod 3692 0x00000001100f3f10 code [0x00000001100f40a0, 0x00000001100f46b8]
Event: 21.802 Thread 0x00007fc99e032000 nmethod 3676 0x00000001100f7e10 code [0x00000001100f7fc0, 0x00000001100f85a8]
Event: 21.802 Thread 0x00007fc99e032000 3677       3       javax.swing.UIDefaults::getBoolean (25 bytes)
Event: 21.802 Thread 0x00007fc99e032000 nmethod 3677 0x00000001100f76d0 code [0x00000001100f7860, 0x00000001100f7d48]
Event: 21.802 Thread 0x00007fc99e032000 3679   !   3       sun.swing.SwingUtilities2::drawString (437 bytes)
Event: 21.803 Thread 0x00007fc99e027000 nmethod 3703 0x00000001100f4e10 code [0x00000001100f4f60, 0x00000001100f51d8]
Event: 21.805 Thread 0x00007fc99e032000 nmethod 3679 0x00000001100eed50 code [0x00000001100ef260, 0x00000001100f2ba8]

GC Heap History (10 events):
Event: 1.143 GC heap before
{Heap before GC invocations=1 (full 0):
 PSYoungGen      total 18944K, used 16384K [0x00000007aab00000, 0x00000007ac000000, 0x00000007c0000000)
  eden space 16384K, 100% used [0x00000007aab00000,0x00000007abb00000,0x00000007abb00000)
  from space 2560K, 0% used [0x00000007abd80000,0x00000007abd80000,0x00000007ac000000)
  to   space 2560K, 0% used [0x00000007abb00000,0x00000007abb00000,0x00000007abd80000)
 ParOldGen       total 44032K, used 0K [0x0000000780000000, 0x0000000782b00000, 0x00000007aab00000)
  object space 44032K, 0% used [0x0000000780000000,0x0000000780000000,0x0000000782b00000)
 Metaspace       used 10528K, capacity 10866K, committed 11264K, reserved 1058816K
  class space    used 1294K, capacity 1424K, committed 1536K, reserved 1048576K
Event: 1.149 GC heap after
Heap after GC invocations=1 (full 0):
 PSYoungGen      total 18944K, used 2528K [0x00000007aab00000, 0x00000007ac000000, 0x00000007c0000000)
  eden space 16384K, 0% used [0x00000007aab00000,0x00000007aab00000,0x00000007abb00000)
  from space 2560K, 98% used [0x00000007abb00000,0x00000007abd78030,0x00000007abd80000)
  to   space 2560K, 0% used [0x00000007abd80000,0x00000007abd80000,0x00000007ac000000)
 ParOldGen       total 44032K, used 555K [0x0000000780000000, 0x0000000782b00000, 0x00000007aab00000)
  object space 44032K, 1% used [0x0000000780000000,0x000000078008ae70,0x0000000782b00000)
 Metaspace       used 10528K, capacity 10866K, committed 11264K, reserved 1058816K
  class space    used 1294K, capacity 1424K, committed 1536K, reserved 1048576K
}
Event: 2.352 GC heap before
{Heap before GC invocations=2 (full 0):
 PSYoungGen      total 18944K, used 18912K [0x00000007aab00000, 0x00000007ac000000, 0x00000007c0000000)
  eden space 16384K, 100% used [0x00000007aab00000,0x00000007abb00000,0x00000007abb00000)
  from space 2560K, 98% used [0x00000007abb00000,0x00000007abd78030,0x00000007abd80000)
  to   space 2560K, 0% used [0x00000007abd80000,0x00000007abd80000,0x00000007ac000000)
 ParOldGen       total 44032K, used 555K [0x0000000780000000, 0x0000000782b00000, 0x00000007aab00000)
  object space 44032K, 1% used [0x0000000780000000,0x000000078008ae70,0x0000000782b00000)
 Metaspace       used 15683K, capacity 16316K, committed 16640K, reserved 1062912K
  class space    used 2279K, capacity 2447K, committed 2560K, reserved 1048576K
Event: 2.359 GC heap after
Heap after GC invocations=2 (full 0):
 PSYoungGen      total 18944K, used 2560K [0x00000007aab00000, 0x00000007ac000000, 0x00000007c0000000)
  eden space 16384K, 0% used [0x00000007aab00000,0x00000007aab00000,0x00000007abb00000)
  from space 2560K, 100% used [0x00000007abd80000,0x00000007ac000000,0x00000007ac000000)
  to   space 2560K, 0% used [0x00000007abb00000,0x00000007abb00000,0x00000007abd80000)
 ParOldGen       total 44032K, used 2443K [0x0000000780000000, 0x0000000782b00000, 0x00000007aab00000)
  object space 44032K, 5% used [0x0000000780000000,0x0000000780262c50,0x0000000782b00000)
 Metaspace       used 15683K, capacity 16316K, committed 16640K, reserved 1062912K
  class space    used 2279K, capacity 2447K, committed 2560K, reserved 1048576K
}
Event: 4.547 GC heap before
{Heap before GC invocations=3 (full 0):
 PSYoungGen      total 18944K, used 18944K [0x00000007aab00000, 0x00000007ac000000, 0x00000007c0000000)
  eden space 16384K, 100% used [0x00000007aab00000,0x00000007abb00000,0x00000007abb00000)
  from space 2560K, 100% used [0x00000007abd80000,0x00000007ac000000,0x00000007ac000000)
  to   space 2560K, 0% used [0x00000007abb00000,0x00000007abb00000,0x00000007abd80000)
 ParOldGen       total 44032K, used 2443K [0x0000000780000000, 0x0000000782b00000, 0x00000007aab00000)
  object space 44032K, 5% used [0x0000000780000000,0x0000000780262c50,0x0000000782b00000)
 Metaspace       used 18791K, capacity 20054K, committed 20224K, reserved 1067008K
  class space    used 2745K, capacity 3020K, committed 3072K, reserved 1048576K
Event: 4.560 GC heap after
Heap after GC invocations=3 (full 0):
 PSYoungGen      total 18944K, used 2528K [0x00000007aab00000, 0x00000007ac000000, 0x00000007c0000000)
  eden space 16384K, 0% used [0x00000007aab00000,0x00000007aab00000,0x00000007abb00000)
  from space 2560K, 98% used [0x00000007abb00000,0x00000007abd78010,0x00000007abd80000)
  to   space 2560K, 0% used [0x00000007abd80000,0x00000007abd80000,0x00000007ac000000)
 ParOldGen       total 44032K, used 10077K [0x0000000780000000, 0x0000000782b00000, 0x00000007aab00000)
  object space 44032K, 22% used [0x0000000780000000,0x00000007809d7790,0x0000000782b00000)
 Metaspace       used 18791K, capacity 20054K, committed 20224K, reserved 1067008K
  class space    used 2745K, capacity 3020K, committed 3072K, reserved 1048576K
}
Event: 10.438 GC heap before
{Heap before GC invocations=4 (full 0):
 PSYoungGen      total 18944K, used 9678K [0x00000007aab00000, 0x00000007ac000000, 0x00000007c0000000)
  eden space 16384K, 43% used [0x00000007aab00000,0x00000007ab1fb830,0x00000007abb00000)
  from space 2560K, 98% used [0x00000007abb00000,0x00000007abd78010,0x00000007abd80000)
  to   space 2560K, 0% used [0x00000007abd80000,0x00000007abd80000,0x00000007ac000000)
 ParOldGen       total 44032K, used 10077K [0x0000000780000000, 0x0000000782b00000, 0x00000007aab00000)
  object space 44032K, 22% used [0x0000000780000000,0x00000007809d7790,0x0000000782b00000)
 Metaspace       used 19732K, capacity 21130K, committed 21296K, reserved 1067008K
  class space    used 2804K, capacity 3088K, committed 3200K, reserved 1048576K
Event: 10.450 GC heap after
Heap after GC invocations=4 (full 0):
 PSYoungGen      total 18944K, used 2528K [0x00000007aab00000, 0x00000007ac000000, 0x00000007c0000000)
  eden space 16384K, 0% used [0x00000007aab00000,0x00000007aab00000,0x00000007abb00000)
  from space 2560K, 98% used [0x00000007abd80000,0x00000007abff8010,0x00000007ac000000)
  to   space 2560K, 0% used [0x00000007abb00000,0x00000007abb00000,0x00000007abd80000)
 ParOldGen       total 44032K, used 11365K [0x0000000780000000, 0x0000000782b00000, 0x00000007aab00000)
  object space 44032K, 25% used [0x0000000780000000,0x0000000780b19790,0x0000000782b00000)
 Metaspace       used 19732K, capacity 21130K, committed 21296K, reserved 1067008K
  class space    used 2804K, capacity 3088K, committed 3200K, reserved 1048576K
}
Event: 10.450 GC heap before
{Heap before GC invocations=5 (full 1):
 PSYoungGen      total 18944K, used 2528K [0x00000007aab00000, 0x00000007ac000000, 0x00000007c0000000)
  eden space 16384K, 0% used [0x00000007aab00000,0x00000007aab00000,0x00000007abb00000)
  from space 2560K, 98% used [0x00000007abd80000,0x00000007abff8010,0x00000007ac000000)
  to   space 2560K, 0% used [0x00000007abb00000,0x00000007abb00000,0x00000007abd80000)
 ParOldGen       total 44032K, used 11365K [0x0000000780000000, 0x0000000782b00000, 0x00000007aab00000)
  object space 44032K, 25% used [0x0000000780000000,0x0000000780b19790,0x0000000782b00000)
 Metaspace       used 19732K, capacity 21130K, committed 21296K, reserved 1067008K
  class space    used 2804K, capacity 3088K, committed 3200K, reserved 1048576K
Event: 10.495 GC heap after
Heap after GC invocations=5 (full 1):
 PSYoungGen      total 18944K, used 0K [0x00000007aab00000, 0x00000007ac000000, 0x00000007c0000000)
  eden space 16384K, 0% used [0x00000007aab00000,0x00000007aab00000,0x00000007abb00000)
  from space 2560K, 0% used [0x00000007abd80000,0x00000007abd80000,0x00000007ac000000)
  to   space 2560K, 0% used [0x00000007abb00000,0x00000007abb00000,0x00000007abd80000)
 ParOldGen       total 35840K, used 11737K [0x0000000780000000, 0x0000000782300000, 0x00000007aab00000)
  object space 35840K, 32% used [0x0000000780000000,0x0000000780b764f0,0x0000000782300000)
 Metaspace       used 19732K, capacity 21130K, committed 21296K, reserved 1067008K
  class space    used 2804K, capacity 3088K, committed 3200K, reserved 1048576K
}

Deoptimization events (10 events):
Event: 7.143 Thread 0x00007fc99ea1f800 Uncommon trap: reason=array_check action=maybe_recompile pc=0x00000001102847b4 method=com.sun.javafx.css.CompoundSelector.applies(Ljavafx/css/Styleable;[Ljava/util/Set;I)Z @ 128
Event: 7.143 Thread 0x00007fc99ea1f800 Uncommon trap: reason=array_check action=maybe_recompile pc=0x00000001102847b4 method=com.sun.javafx.css.CompoundSelector.applies(Ljavafx/css/Styleable;[Ljava/util/Set;I)Z @ 128
Event: 7.400 Thread 0x00007fc99ea1f800 Uncommon trap: reason=null_check action=make_not_entrant pc=0x000000011016c470 method=javafx.scene.Node$MiscProperties.getClip()Ljavafx/scene/Node; @ 20
Event: 9.301 Thread 0x00007fc99ea1f800 Uncommon trap: reason=unstable_if action=reinterpret pc=0x0000000110162790 method=com.sun.javafx.css.StyleManager$CacheContainer.getStyleMap(I)Lcom/sun/javafx/css/StyleMap; @ 22
Event: 9.302 Thread 0x00007fc99ea1f800 Uncommon trap: reason=unstable_if action=reinterpret pc=0x000000011036c5fc method=javafx.scene.CssStyleHelper.canReuseStyleHelper(Ljavafx/scene/Node;Lcom/sun/javafx/css/StyleMap;)Z @ 178
Event: 9.303 Thread 0x00007fc99ea1f800 Uncommon trap: reason=unstable_if action=reinterpret pc=0x00000001101641f8 method=com.sun.javafx.css.StyleManager$CacheContainer.getStyleMap(I)Lcom/sun/javafx/css/StyleMap; @ 22
Event: 9.303 Thread 0x00007fc99ea1f800 Uncommon trap: reason=unstable_if action=reinterpret pc=0x0000000110086ab8 method=com.sun.javafx.css.StyleManager$CacheContainer.getStyleMap(I)Lcom/sun/javafx/css/StyleMap; @ 22
Event: 9.312 Thread 0x00007fc99ea1f800 Uncommon trap: reason=bimorphic action=maybe_recompile pc=0x00000001100d7efc method=java.util.WeakHashMap.eq(Ljava/lang/Object;Ljava/lang/Object;)Z @ 7
Event: 10.868 Thread 0x00007fc99ea1f800 Uncommon trap: reason=unstable_if action=reinterpret pc=0x000000010fd7ac34 method=java.lang.AbstractStringBuilder.append(Ljava/lang/String;)Ljava/lang/AbstractStringBuilder; @ 1
Event: 10.869 Thread 0x00007fc99ea1f800 Uncommon trap: reason=unstable_if action=reinterpret pc=0x000000010fcdf328 method=java.lang.AbstractStringBuilder.append(Ljava/lang/String;)Ljava/lang/AbstractStringBuilder; @ 1

Internal exceptions (10 events):
Event: 1.360 Thread 0x00007fc99ea1f800 Exception <a 'java/lang/ArrayIndexOutOfBoundsException'> (0x00000007ab107160) thrown at [/Users/java_re/workspace/8-2-build-macosx-x86_64/jdk8u60/4407/hotspot/src/share/vm/runtime/sharedRuntime.cpp, line 605]
Event: 1.361 Thread 0x00007fc99ea1f800 Exception <a 'java/lang/ArrayIndexOutOfBoundsException'> (0x00000007ab1089d0) thrown at [/Users/java_re/workspace/8-2-build-macosx-x86_64/jdk8u60/4407/hotspot/src/share/vm/runtime/sharedRuntime.cpp, line 605]
Event: 1.365 Thread 0x00007fc99ea1f800 Exception <a 'java/lang/ArrayIndexOutOfBoundsException'> (0x00000007ab1198e8) thrown at [/Users/java_re/workspace/8-2-build-macosx-x86_64/jdk8u60/4407/hotspot/src/share/vm/runtime/sharedRuntime.cpp, line 605]
Event: 1.455 Thread 0x00007fc99ea1f800 Implicit null exception at 0x000000010fdabe75 to 0x000000010fdac0ad
Event: 3.542 Thread 0x00007fc99ea1f800 Implicit null exception at 0x0000000110009082 to 0x000000011000af41
Event: 7.400 Thread 0x00007fc99ea1f800 Implicit null exception at 0x000000011016c40e to 0x000000011016c465
Event: 10.536 Thread 0x00007fc99ea1f800 Exception <a 'java/io/FileNotFoundException'> (0x00000007aab2e6b0) thrown at [/Users/java_re/workspace/8-2-build-macosx-x86_64/jdk8u60/4407/hotspot/src/share/vm/prims/jni.cpp, line 709]
Event: 10.536 Thread 0x00007fc99ea1f800 Exception <a 'java/io/FileNotFoundException'> (0x00000007aab2f408) thrown at [/Users/java_re/workspace/8-2-build-macosx-x86_64/jdk8u60/4407/hotspot/src/share/vm/prims/jni.cpp, line 709]
Event: 10.868 Thread 0x00007fc99ea1f800 Implicit null exception at 0x000000010fd7a8b5 to 0x000000010fd7ac21
Event: 10.869 Thread 0x00007fc99ea1f800 Implicit null exception at 0x000000010fcdefb5 to 0x000000010fcdf315

Events (10 events):
Event: 21.766 loading class javafx/application/Application done
Event: 21.790 loading class com/sun/javafx/tk/quantum/QuantumRenderer
Event: 21.790 loading class com/sun/javafx/tk/quantum/QuantumRenderer done
Event: 21.791 loading class com/sun/javafx/tk/quantum/QuantumToolkit
Event: 21.791 loading class com/sun/javafx/tk/quantum/QuantumToolkit done
Event: 21.791 Thread 0x00007fc99e19a000 Thread exited: 0x00007fc99e19a000
Event: 21.791 Thread 0x00007fc99f03c800 Thread exited: 0x00007fc99f03c800
Event: 21.792 Thread 0x00007fc99e803000 Thread exited: 0x00007fc99e803000
Event: 21.792 Thread 0x00007fc9a51e1000 Thread added: 0x00007fc9a51e1000
Event: 21.792 Thread 0x00007fc99ea1f800 Thread exited: 0x00007fc99ea1f800


Dynamic libraries:
0x0000000015d54000 	/System/Library/Frameworks/Cocoa.framework/Versions/A/Cocoa
0x0000000015d54000 	/System/Library/Frameworks/Security.framework/Versions/A/Security
0x0000000015d54000 	/System/Library/Frameworks/ApplicationServices.framework/Versions/A/ApplicationServices
0x0000000015d54000 	/usr/lib/libz.1.dylib
0x0000000015d54000 	/usr/lib/libSystem.B.dylib
0x0000000015d54000 	/usr/lib/libobjc.A.dylib
0x0000000015d54000 	/System/Library/Frameworks/CoreFoundation.framework/Versions/A/CoreFoundation
0x0000000015d54000 	/System/Library/Frameworks/Foundation.framework/Versions/C/Foundation
0x0000000015d54000 	/System/Library/Frameworks/AppKit.framework/Versions/C/AppKit
0x0000000015d54000 	/System/Library/Frameworks/CoreData.framework/Versions/A/CoreData
0x0000000015d54000 	/System/Library/PrivateFrameworks/RemoteViewServices.framework/Versions/A/RemoteViewServices
0x0000000015d54000 	/System/Library/PrivateFrameworks/UIFoundation.framework/Versions/A/UIFoundation
0x0000000015d54000 	/System/Library/PrivateFrameworks/DFRFoundation.framework/Versions/A/DFRFoundation
0x0000000015d54000 	/usr/lib/libenergytrace.dylib
0x0000000015d54000 	/System/Library/PrivateFrameworks/SkyLight.framework/Versions/A/SkyLight
0x0000000015d54000 	/System/Library/Frameworks/CoreGraphics.framework/Versions/A/CoreGraphics
0x0000000015d54000 	/usr/lib/libScreenReader.dylib
0x0000000015d54000 	/System/Library/Frameworks/Accelerate.framework/Versions/A/Accelerate
0x0000000015d54000 	/System/Library/Frameworks/IOSurface.framework/Versions/A/IOSurface
0x0000000015d54000 	/System/Library/Frameworks/AudioToolbox.framework/Versions/A/AudioToolbox
0x0000000015d54000 	/System/Library/Frameworks/AudioUnit.framework/Versions/A/AudioUnit
0x0000000015d54000 	/System/Library/PrivateFrameworks/DataDetectorsCore.framework/Versions/A/DataDetectorsCore
0x0000000015d54000 	/System/Library/PrivateFrameworks/DesktopServicesPriv.framework/Versions/A/DesktopServicesPriv
0x0000000015d54000 	/System/Library/Frameworks/Carbon.framework/Versions/A/Frameworks/HIToolbox.framework/Versions/A/HIToolbox
0x0000000015d54000 	/usr/lib/libicucore.A.dylib
0x0000000015d54000 	/System/Library/Frameworks/QuartzCore.framework/Versions/A/QuartzCore
0x0000000015d54000 	/System/Library/Frameworks/Carbon.framework/Versions/A/Frameworks/SpeechRecognition.framework/Versions/A/SpeechRecognition
0x0000000015d54000 	/usr/lib/libauto.dylib
0x0000000015d54000 	/usr/lib/libxml2.2.dylib
0x0000000015d54000 	/System/Library/PrivateFrameworks/CoreUI.framework/Versions/A/CoreUI
0x0000000015d54000 	/System/Library/Frameworks/CoreAudio.framework/Versions/A/CoreAudio
0x0000000015d54000 	/System/Library/Frameworks/DiskArbitration.framework/Versions/A/DiskArbitration
0x0000000015d54000 	/usr/lib/liblangid.dylib
0x0000000015d54000 	/System/Library/PrivateFrameworks/MultitouchSupport.framework/Versions/A/MultitouchSupport
0x0000000015d54000 	/System/Library/Frameworks/IOKit.framework/Versions/A/IOKit
0x0000000015d54000 	/usr/lib/libDiagnosticMessagesClient.dylib
0x0000000015d54000 	/System/Library/Frameworks/CoreServices.framework/Versions/A/CoreServices
0x0000000015d54000 	/System/Library/PrivateFrameworks/PerformanceAnalysis.framework/Versions/A/PerformanceAnalysis
0x0000000015d54000 	/System/Library/PrivateFrameworks/GenerationalStorage.framework/Versions/A/GenerationalStorage
0x0000000015d54000 	/System/Library/Frameworks/OpenGL.framework/Versions/A/OpenGL
0x0000000015d54000 	/System/Library/Frameworks/CoreImage.framework/Versions/A/CoreImage
0x0000000015d54000 	/System/Library/Frameworks/CoreText.framework/Versions/A/CoreText
0x0000000015d54000 	/System/Library/Frameworks/ImageIO.framework/Versions/A/ImageIO
0x0000000015d54000 	/System/Library/PrivateFrameworks/Backup.framework/Versions/A/Backup
0x0000000015d54000 	/usr/lib/libarchive.2.dylib
0x0000000015d54000 	/System/Library/Frameworks/CFNetwork.framework/Versions/A/CFNetwork
0x0000000015d54000 	/System/Library/Frameworks/SystemConfiguration.framework/Versions/A/SystemConfiguration
0x0000000015d54000 	/usr/lib/libCRFSuite.dylib
0x0000000015d54000 	/usr/lib/libc++.1.dylib
0x0000000015d54000 	/usr/lib/libc++abi.dylib
0x0000000015d54000 	/usr/lib/system/libcache.dylib
0x0000000015d54000 	/usr/lib/system/libcommonCrypto.dylib
0x0000000015d54000 	/usr/lib/system/libcompiler_rt.dylib
0x0000000015d54000 	/usr/lib/system/libcopyfile.dylib
0x0000000015d54000 	/usr/lib/system/libcorecrypto.dylib
0x0000000015d54000 	/usr/lib/system/libdispatch.dylib
0x0000000015d54000 	/usr/lib/system/libdyld.dylib
0x0000000015d54000 	/usr/lib/system/libkeymgr.dylib
0x0000000015d54000 	/usr/lib/system/liblaunch.dylib
0x0000000015d54000 	/usr/lib/system/libmacho.dylib
0x0000000015d54000 	/usr/lib/system/libquarantine.dylib
0x0000000015d54000 	/usr/lib/system/libremovefile.dylib
0x0000000015d54000 	/usr/lib/system/libsystem_asl.dylib
0x0000000015d54000 	/usr/lib/system/libsystem_blocks.dylib
0x0000000015d54000 	/usr/lib/system/libsystem_c.dylib
0x0000000015d54000 	/usr/lib/system/libsystem_configuration.dylib
0x0000000015d54000 	/usr/lib/system/libsystem_coreservices.dylib
0x0000000015d54000 	/usr/lib/system/libsystem_coretls.dylib
0x0000000015d54000 	/usr/lib/system/libsystem_dnssd.dylib
0x0000000015d54000 	/usr/lib/system/libsystem_info.dylib
0x0000000015d54000 	/usr/lib/system/libsystem_kernel.dylib
0x0000000015d54000 	/usr/lib/system/libsystem_m.dylib
0x0000000015d54000 	/usr/lib/system/libsystem_malloc.dylib
0x0000000015d54000 	/usr/lib/system/libsystem_network.dylib
0x0000000015d54000 	/usr/lib/system/libsystem_networkextension.dylib
0x0000000015d54000 	/usr/lib/system/libsystem_notify.dylib
0x0000000015d54000 	/usr/lib/system/libsystem_platform.dylib
0x0000000015d54000 	/usr/lib/system/libsystem_pthread.dylib
0x0000000015d54000 	/usr/lib/system/libsystem_sandbox.dylib
0x0000000015d54000 	/usr/lib/system/libsystem_secinit.dylib
0x0000000015d54000 	/usr/lib/system/libsystem_symptoms.dylib
0x0000000015d54000 	/usr/lib/system/libsystem_trace.dylib
0x0000000015d54000 	/usr/lib/system/libunwind.dylib
0x0000000015d54000 	/usr/lib/system/libxpc.dylib
0x0000000015d54000 	/usr/lib/libbsm.0.dylib
0x0000000015d54000 	/usr/lib/system/libkxld.dylib
0x0000000015d54000 	/usr/lib/libcoretls.dylib
0x0000000015d54000 	/usr/lib/libcoretls_cfhelpers.dylib
0x0000000015d54000 	/usr/lib/libOpenScriptingUtil.dylib
0x0000000015d54000 	/usr/lib/libpam.2.dylib
0x0000000015d54000 	/usr/lib/libsqlite3.dylib
0x0000000015d54000 	/usr/lib/libxar.1.dylib
0x0000000015d54000 	/usr/lib/libbz2.1.0.dylib
0x0000000015d54000 	/usr/lib/liblzma.5.dylib
0x0000000015d54000 	/usr/lib/libnetwork.dylib
0x0000000015d54000 	/usr/lib/libpcap.A.dylib
0x0000000015d54000 	/System/Library/Frameworks/CoreServices.framework/Versions/A/Frameworks/FSEvents.framework/Versions/A/FSEvents
0x0000000015d54000 	/System/Library/Frameworks/CoreServices.framework/Versions/A/Frameworks/CarbonCore.framework/Versions/A/CarbonCore
0x0000000015d54000 	/System/Library/Frameworks/CoreServices.framework/Versions/A/Frameworks/Metadata.framework/Versions/A/Metadata
0x0000000015d54000 	/System/Library/Frameworks/CoreServices.framework/Versions/A/Frameworks/OSServices.framework/Versions/A/OSServices
0x0000000015d54000 	/System/Library/Frameworks/CoreServices.framework/Versions/A/Frameworks/SearchKit.framework/Versions/A/SearchKit
0x0000000015d54000 	/System/Library/Frameworks/CoreServices.framework/Versions/A/Frameworks/AE.framework/Versions/A/AE
0x0000000015d54000 	/System/Library/Frameworks/CoreServices.framework/Versions/A/Frameworks/LaunchServices.framework/Versions/A/LaunchServices
0x0000000015d54000 	/System/Library/Frameworks/CoreServices.framework/Versions/A/Frameworks/DictionaryServices.framework/Versions/A/DictionaryServices
0x0000000015d54000 	/System/Library/Frameworks/CoreServices.framework/Versions/A/Frameworks/SharedFileList.framework/Versions/A/SharedFileList
0x0000000015d54000 	/System/Library/Frameworks/NetFS.framework/Versions/A/NetFS
0x0000000015d54000 	/System/Library/PrivateFrameworks/NetAuth.framework/Versions/A/NetAuth
0x0000000015d54000 	/System/Library/PrivateFrameworks/login.framework/Versions/A/Frameworks/loginsupport.framework/Versions/A/loginsupport
0x0000000015d54000 	/System/Library/PrivateFrameworks/TCC.framework/Versions/A/TCC
0x0000000015d54000 	/usr/lib/libmecabra.dylib
0x0000000015d54000 	/System/Library/Frameworks/ApplicationServices.framework/Versions/A/Frameworks/ATS.framework/Versions/A/ATS
0x0000000015d54000 	/System/Library/Frameworks/ApplicationServices.framework/Versions/A/Frameworks/ColorSync.framework/Versions/A/ColorSync
0x0000000015d54000 	/System/Library/Frameworks/ApplicationServices.framework/Versions/A/Frameworks/HIServices.framework/Versions/A/HIServices
0x0000000015d54000 	/System/Library/Frameworks/ApplicationServices.framework/Versions/A/Frameworks/LangAnalysis.framework/Versions/A/LangAnalysis
0x0000000015d54000 	/System/Library/Frameworks/ApplicationServices.framework/Versions/A/Frameworks/PrintCore.framework/Versions/A/PrintCore
0x0000000015d54000 	/System/Library/Frameworks/ApplicationServices.framework/Versions/A/Frameworks/QD.framework/Versions/A/QD
0x0000000015d54000 	/System/Library/Frameworks/ApplicationServices.framework/Versions/A/Frameworks/SpeechSynthesis.framework/Versions/A/SpeechSynthesis
0x0000000015d54000 	/System/Library/Frameworks/Accelerate.framework/Versions/A/Frameworks/vImage.framework/Versions/A/vImage
0x0000000015d54000 	/System/Library/Frameworks/Accelerate.framework/Versions/A/Frameworks/vecLib.framework/Versions/A/vecLib
0x0000000015d54000 	/System/Library/Frameworks/Accelerate.framework/Versions/A/Frameworks/vecLib.framework/Versions/A/libvDSP.dylib
0x0000000015d54000 	/System/Library/Frameworks/Accelerate.framework/Versions/A/Frameworks/vecLib.framework/Versions/A/libBNNS.dylib
0x0000000015d54000 	/System/Library/Frameworks/Accelerate.framework/Versions/A/Frameworks/vecLib.framework/Versions/A/libQuadrature.dylib
0x0000000015d54000 	/System/Library/Frameworks/Accelerate.framework/Versions/A/Frameworks/vecLib.framework/Versions/A/libvMisc.dylib
0x0000000015d54000 	/System/Library/Frameworks/Accelerate.framework/Versions/A/Frameworks/vecLib.framework/Versions/A/libLAPACK.dylib
0x0000000015d54000 	/System/Library/Frameworks/Accelerate.framework/Versions/A/Frameworks/vecLib.framework/Versions/A/libBLAS.dylib
0x0000000015d54000 	/System/Library/Frameworks/Accelerate.framework/Versions/A/Frameworks/vecLib.framework/Versions/A/libLinearAlgebra.dylib
0x0000000015d54000 	/System/Library/Frameworks/Accelerate.framework/Versions/A/Frameworks/vecLib.framework/Versions/A/libSparseBLAS.dylib
0x0000000015d54000 	/System/Library/Frameworks/ApplicationServices.framework/Versions/A/Frameworks/ATS.framework/Versions/A/Resources/libFontParser.dylib
0x0000000015d54000 	/System/Library/Frameworks/ApplicationServices.framework/Versions/A/Frameworks/ATS.framework/Versions/A/Resources/libFontRegistry.dylib
0x0000000015d54000 	/System/Library/Frameworks/ImageIO.framework/Versions/A/Resources/libJPEG.dylib
0x0000000015d54000 	/System/Library/Frameworks/ImageIO.framework/Versions/A/Resources/libTIFF.dylib
0x0000000015d54000 	/System/Library/Frameworks/ImageIO.framework/Versions/A/Resources/libPng.dylib
0x0000000015d54000 	/System/Library/Frameworks/ImageIO.framework/Versions/A/Resources/libGIF.dylib
0x0000000015d54000 	/System/Library/Frameworks/ImageIO.framework/Versions/A/Resources/libJP2.dylib
0x0000000015d54000 	/System/Library/Frameworks/ImageIO.framework/Versions/A/Resources/libRadiance.dylib
0x0000000015d54000 	/usr/lib/libcompression.dylib
0x0000000015d54000 	/System/Library/PrivateFrameworks/AppleJPEG.framework/Versions/A/AppleJPEG
0x0000000015d54000 	/usr/lib/libcups.2.dylib
0x0000000015d54000 	/System/Library/Frameworks/Kerberos.framework/Versions/A/Kerberos
0x0000000015d54000 	/System/Library/Frameworks/GSS.framework/Versions/A/GSS
0x0000000015d54000 	/usr/lib/libresolv.9.dylib
0x0000000015d54000 	/usr/lib/libiconv.2.dylib
0x0000000015d54000 	/System/Library/PrivateFrameworks/Heimdal.framework/Versions/A/Heimdal
0x0000000015d54000 	/usr/lib/libheimdal-asn1.dylib
0x0000000015d54000 	/System/Library/Frameworks/OpenDirectory.framework/Versions/A/OpenDirectory
0x0000000015d54000 	/System/Library/PrivateFrameworks/CommonAuth.framework/Versions/A/CommonAuth
0x0000000015d54000 	/System/Library/Frameworks/OpenDirectory.framework/Versions/A/Frameworks/CFOpenDirectory.framework/Versions/A/CFOpenDirectory
0x0000000015d54000 	/System/Library/Frameworks/SecurityFoundation.framework/Versions/A/SecurityFoundation
0x0000000015d54000 	/System/Library/PrivateFrameworks/LanguageModeling.framework/Versions/A/LanguageModeling
0x0000000015d54000 	/usr/lib/libmarisa.dylib
0x0000000015d54000 	/usr/lib/libChineseTokenizer.dylib
0x0000000015d54000 	/usr/lib/libcmph.dylib
0x0000000015d54000 	/System/Library/PrivateFrameworks/CoreEmoji.framework/Versions/A/CoreEmoji
0x0000000015d54000 	/System/Library/Frameworks/ServiceManagement.framework/Versions/A/ServiceManagement
0x0000000015d54000 	/usr/lib/libxslt.1.dylib
0x0000000015d54000 	/System/Library/Frameworks/Carbon.framework/Versions/A/Frameworks/Ink.framework/Versions/A/Ink
0x0000000015d54000 	/System/Library/PrivateFrameworks/TextureIO.framework/Versions/A/TextureIO
0x0000000015d54000 	/System/Library/Frameworks/Metal.framework/Versions/A/Metal
0x0000000015d54000 	/usr/lib/libate.dylib
0x0000000015d54000 	/System/Library/PrivateFrameworks/GPUCompiler.framework/libmetal_timestamp.dylib
0x0000000015d54000 	/System/Library/Frameworks/OpenGL.framework/Versions/A/Libraries/libCoreFSCache.dylib
0x0000000015d54000 	/System/Library/PrivateFrameworks/IOAccelerator.framework/Versions/A/IOAccelerator
0x0000000015d54000 	/System/Library/Frameworks/CoreVideo.framework/Versions/A/CoreVideo
0x0000000015d54000 	/usr/lib/libFosl_dynamic.dylib
0x0000000015d54000 	/System/Library/PrivateFrameworks/MetalPerformanceShaders.framework/Versions/A/MetalPerformanceShaders
0x0000000015d54000 	/System/Library/PrivateFrameworks/FaceCore.framework/Versions/A/FaceCore
0x0000000015d54000 	/System/Library/Frameworks/OpenCL.framework/Versions/A/OpenCL
0x0000000015d54000 	/System/Library/Frameworks/OpenGL.framework/Versions/A/Libraries/libGLU.dylib
0x0000000015d54000 	/System/Library/Frameworks/OpenGL.framework/Versions/A/Libraries/libGFXShared.dylib
0x0000000015d54000 	/System/Library/Frameworks/OpenGL.framework/Versions/A/Libraries/libGL.dylib
0x0000000015d54000 	/System/Library/Frameworks/OpenGL.framework/Versions/A/Libraries/libGLImage.dylib
0x0000000015d54000 	/System/Library/Frameworks/OpenGL.framework/Versions/A/Libraries/libCVMSPluginSupport.dylib
0x0000000015d54000 	/System/Library/Frameworks/OpenGL.framework/Versions/A/Libraries/libCoreVMClient.dylib
0x0000000015d54000 	/System/Library/PrivateFrameworks/CrashReporterSupport.framework/Versions/A/CrashReporterSupport
0x0000000015d54000 	/System/Library/PrivateFrameworks/Sharing.framework/Versions/A/Sharing
0x0000000015d54000 	/System/Library/PrivateFrameworks/IconServices.framework/Versions/A/IconServices
0x0000000015d54000 	/System/Library/PrivateFrameworks/ProtocolBuffer.framework/Versions/A/ProtocolBuffer
0x0000000015d54000 	/System/Library/PrivateFrameworks/Apple80211.framework/Versions/A/Apple80211
0x0000000015d54000 	/System/Library/Frameworks/CoreWLAN.framework/Versions/A/CoreWLAN
0x0000000015d54000 	/System/Library/PrivateFrameworks/CoreUtils.framework/Versions/A/CoreUtils
0x0000000015d54000 	/System/Library/Frameworks/IOBluetooth.framework/Versions/A/IOBluetooth
0x0000000015d54000 	/System/Library/PrivateFrameworks/CoreWiFi.framework/Versions/A/CoreWiFi
0x0000000015d54000 	/System/Library/Frameworks/CoreBluetooth.framework/Versions/A/CoreBluetooth
0x0000000015d54000 	/System/Library/Frameworks/CoreDisplay.framework/Versions/A/CoreDisplay
0x0000000015d54000 	/System/Library/PrivateFrameworks/IOPresentment.framework/Versions/A/IOPresentment
0x0000000015d54000 	/System/Library/PrivateFrameworks/DSExternalDisplay.framework/Versions/A/DSExternalDisplay
0x0000000015d54000 	/System/Library/PrivateFrameworks/DebugSymbols.framework/Versions/A/DebugSymbols
0x0000000015d54000 	/System/Library/PrivateFrameworks/CoreSymbolication.framework/Versions/A/CoreSymbolication
0x0000000015d54000 	/System/Library/PrivateFrameworks/Symbolication.framework/Versions/A/Symbolication
0x0000000015d54000 	/System/Library/PrivateFrameworks/AppleFSCompression.framework/Versions/A/AppleFSCompression
0x0000000015d54000 	/System/Library/PrivateFrameworks/SpeechRecognitionCore.framework/Versions/A/SpeechRecognitionCore
0x0000000015d54000 	/System/Library/PrivateFrameworks/ChunkingLibrary.framework/Versions/A/ChunkingLibrary
0x000000004dd82000 	/System/Library/CoreServices/Encodings/libCyrillicConverter.dylib
0x0000000108a00000 	/Library/Java/JavaVirtualMachines/jdk1.8.0_60.jdk/Contents/Home/jre/lib/server/libjvm.dylib
0x0000000015d54000 	/usr/lib/libstdc++.6.dylib
0x00000001080b8000 	/Library/Java/JavaVirtualMachines/jdk1.8.0_60.jdk/Contents/Home/jre/lib/libverify.dylib
0x00000001080c6000 	/Library/Java/JavaVirtualMachines/jdk1.8.0_60.jdk/Contents/Home/jre/lib/libjava.dylib
0x0000000108105000 	/Library/Java/JavaVirtualMachines/jdk1.8.0_60.jdk/Contents/Home/jre/lib/libzip.dylib
0x000000010dc9a000 	/System/Library/Frameworks/JavaVM.framework/Frameworks/JavaRuntimeSupport.framework/JavaRuntimeSupport
0x000000010dcb4000 	/System/Library/Frameworks/JavaVM.framework/Versions/A/Frameworks/JavaNativeFoundation.framework/Versions/A/JavaNativeFoundation
0x000000010dcc9000 	/System/Library/Frameworks/JavaVM.framework/Versions/A/JavaVM
0x0000000015d54000 	/System/Library/Frameworks/Carbon.framework/Versions/A/Carbon
0x000000010dcd6000 	/System/Library/PrivateFrameworks/JavaLaunching.framework/Versions/A/JavaLaunching
0x0000000015d54000 	/System/Library/Frameworks/Carbon.framework/Versions/A/Frameworks/CommonPanels.framework/Versions/A/CommonPanels
0x0000000015d54000 	/System/Library/Frameworks/Carbon.framework/Versions/A/Frameworks/Help.framework/Versions/A/Help
0x0000000015d54000 	/System/Library/Frameworks/Carbon.framework/Versions/A/Frameworks/ImageCapture.framework/Versions/A/ImageCapture
0x0000000015d54000 	/System/Library/Frameworks/Carbon.framework/Versions/A/Frameworks/OpenScripting.framework/Versions/A/OpenScripting
0x0000000015d54000 	/System/Library/Frameworks/Carbon.framework/Versions/A/Frameworks/Print.framework/Versions/A/Print
0x0000000015d54000 	/System/Library/Frameworks/Carbon.framework/Versions/A/Frameworks/SecurityHI.framework/Versions/A/SecurityHI
0x000000010f703000 	/Applications/IntelliJ IDEA.app/Contents/bin/libbreakgen64.jnilib
0x000000010f706000 	/Library/Java/JavaVirtualMachines/jdk1.8.0_60.jdk/Contents/Home/jre/lib/libnet.dylib
0x000000010f7fb000 	/Library/Java/JavaVirtualMachines/jdk1.8.0_60.jdk/Contents/Home/jre/lib/libprism_es2.dylib
0x000000010f861000 	/System/Library/Frameworks/OpenGL.framework/Resources/GLEngine.bundle/GLEngine
0x0000000015d54000 	/System/Library/Frameworks/OpenGL.framework/Versions/A/Libraries/libGLProgrammability.dylib
0x000000011eade000 	/System/Library/Extensions/AppleIntelHD5000GraphicsGLDriver.bundle/Contents/MacOS/AppleIntelHD5000GraphicsGLDriver
0x0000000015d54000 	/System/Library/PrivateFrameworks/GPUSupport.framework/Versions/A/Libraries/libGPUSupportMercury.dylib
0x000000011f24c000 	/System/Library/Frameworks/OpenGL.framework/Resources//GLRendererFloat.bundle/GLRendererFloat
0x0000000015d54000 	/System/Library/Frameworks/OpenCL.framework/Versions/A/Libraries/libcldcpuengine.dylib
0x0000000015d54000 	/usr/lib/libcrypto.0.9.8.dylib
0x0000000015d54000 	/System/Library/PrivateFrameworks/TrustEvaluationAgent.framework/Versions/A/TrustEvaluationAgent
0x000000011f6ac000 	/Library/Java/JavaVirtualMachines/jdk1.8.0_60.jdk/Contents/Home/jre/lib/libglass.dylib
0x0000000015d54000 	/System/Library/PrivateFrameworks/CoreServicesInternal.framework/Versions/A/CoreServicesInternal
0x0000000015d54000 	/System/Library/CoreServices/RawCamera.bundle/Contents/MacOS/RawCamera
0x000000011f82f000 	/System/Library/Frameworks/Accelerate.framework/Frameworks/vImage.framework/Versions/A/Libraries/libCGInterfaces.dylib
0x0000000015d54000 	/System/Library/PrivateFrameworks/FamilyControls.framework/Versions/A/FamilyControls
0x0000000015d54000 	/System/Library/PrivateFrameworks/CommerceKit.framework/Versions/A/Frameworks/CommerceCore.framework/Versions/A/CommerceCore
0x0000000015d54000 	/System/Library/PrivateFrameworks/SystemAdministration.framework/Versions/A/SystemAdministration
0x0000000015d54000 	/System/Library/PrivateFrameworks/AppContainer.framework/Versions/A/AppContainer
0x0000000015d54000 	/System/Library/PrivateFrameworks/SecCodeWrapper.framework/Versions/A/SecCodeWrapper
0x0000000015d54000 	/System/Library/Frameworks/DirectoryService.framework/Versions/A/DirectoryService
0x0000000015d54000 	/System/Library/PrivateFrameworks/DiskImages.framework/Versions/A/DiskImages
0x0000000015d54000 	/System/Library/PrivateFrameworks/LoginUIKit.framework/Versions/A/Frameworks/LoginUICore.framework/Versions/A/LoginUICore
0x0000000015d54000 	/usr/lib/libCoreStorage.dylib
0x0000000015d54000 	/usr/lib/libcsfde.dylib
0x0000000015d54000 	/usr/lib/libodfde.dylib
0x0000000015d54000 	/System/Library/Frameworks/DiscRecording.framework/Versions/A/DiscRecording
0x0000000015d54000 	/usr/lib/libcurl.4.dylib
0x0000000015d54000 	/System/Library/PrivateFrameworks/MediaKit.framework/Versions/A/MediaKit
0x0000000015d54000 	/System/Library/PrivateFrameworks/ProtectedCloudStorage.framework/Versions/A/ProtectedCloudStorage
0x0000000015d54000 	/System/Library/PrivateFrameworks/EFILogin.framework/Versions/A/EFILogin
0x0000000015d54000 	/usr/lib/libutil.dylib
0x0000000015d54000 	/System/Library/Frameworks/LDAP.framework/Versions/A/LDAP
0x0000000015d54000 	/usr/lib/libsasl2.2.dylib
0x0000000015d54000 	/System/Library/PrivateFrameworks/CoreDaemon.framework/Versions/B/CoreDaemon
0x0000000015d54000 	/System/Library/PrivateFrameworks/AppleSRP.framework/Versions/A/AppleSRP
0x0000000015d54000 	/System/Library/PrivateFrameworks/APFS.framework/Versions/A/APFS
0x0000000122fd9000 	/Library/Java/JavaVirtualMachines/jdk1.8.0_60.jdk/Contents/Home/jre/lib/libjavafx_font.dylib
0x0000000015d54000 	/System/Library/Frameworks/ApplicationServices.framework/Versions/A/Frameworks/ATS.framework/Versions/A/Resources/libTrueTypeScaler.dylib
0x000000012406c000 	/System/Library/Extensions/AppleIntelHD5000GraphicsMTLDriver.bundle/Contents/MacOS/AppleIntelHD5000GraphicsMTLDriver
0x00000001202db000 	/Library/Java/JavaVirtualMachines/jdk1.8.0_60.jdk/Contents/Home/jre/lib/libprism_common.dylib
0x0000000015d54000 	/System/Library/PrivateFrameworks/ViewBridge.framework/Versions/A/ViewBridge
0x0000000015d54000 	/System/Library/PrivateFrameworks/XPCService.framework/Versions/A/XPCService
0x0000000015d54000 	/System/Library/PrivateFrameworks/AppSandbox.framework/Versions/A/AppSandbox
0x0000000015d54000 	/usr/lib/libsandbox.1.dylib
0x0000000015d54000 	/usr/lib/libMatch.1.dylib
0x00000001272de000 	/Library/Java/JavaVirtualMachines/jdk1.8.0_60.jdk/Contents/Home/jre/lib/libawt.dylib
0x00000001276e4000 	/Library/Java/JavaVirtualMachines/jdk1.8.0_60.jdk/Contents/Home/jre/lib/./libmlib_image.dylib
0x00000001277b0000 	/Library/Java/JavaVirtualMachines/jdk1.8.0_60.jdk/Contents/Home/jre/lib/libawt_lwawt.dylib
0x000000012403f000 	/Library/Java/JavaVirtualMachines/jdk1.8.0_60.jdk/Contents/Home/jre/lib/./libosxapp.dylib
0x0000000015d54000 	/System/Library/Frameworks/ExceptionHandling.framework/Versions/A/ExceptionHandling
0x0000000125203000 	/Library/Java/JavaVirtualMachines/jdk1.8.0_60.jdk/Contents/Home/jre/lib/libfontmanager.dylib
0x000000011fa4b000 	/Library/Java/JavaVirtualMachines/jdk1.8.0_60.jdk/Contents/Home/jre/lib/libosxui.dylib
0x00000001248af000 	/Library/Java/JavaVirtualMachines/jdk1.8.0_60.jdk/Contents/Home/jre/lib/libnio.dylib

VM Arguments:
jvm_args: -Didea.launcher.port=7535 -Didea.launcher.bin.path=/Applications/IntelliJ IDEA.app/Contents/bin -Dfile.encoding=UTF-8 
java_command: com.intellij.rt.execution.application.AppMain Main.Main
java_class_path (initial): /Library/Java/JavaVirtualMachines/jdk1.8.0_60.jdk/Contents/Home/jre/lib/charsets.jar:/Library/Java/JavaVirtualMachines/jdk1.8.0_60.jdk/Contents/Home/jre/lib/deploy.jar:/Library/Java/JavaVirtualMachines/jdk1.8.0_60.jdk/Contents/Home/jre/lib/ext/cldrdata.jar:/Library/Java/JavaVirtualMachines/jdk1.8.0_60.jdk/Contents/Home/jre/lib/ext/dnsns.jar:/Library/Java/JavaVirtualMachines/jdk1.8.0_60.jdk/Contents/Home/jre/lib/ext/jaccess.jar:/Library/Java/JavaVirtualMachines/jdk1.8.0_60.jdk/Contents/Home/jre/lib/ext/jfxrt.jar:/Library/Java/JavaVirtualMachines/jdk1.8.0_60.jdk/Contents/Home/jre/lib/ext/localedata.jar:/Library/Java/JavaVirtualMachines/jdk1.8.0_60.jdk/Contents/Home/jre/lib/ext/nashorn.jar:/Library/Java/JavaVirtualMachines/jdk1.8.0_60.jdk/Contents/Home/jre/lib/ext/sunec.jar:/Library/Java/JavaVirtualMachines/jdk1.8.0_60.jdk/Contents/Home/jre/lib/ext/sunjce_provider.jar:/Library/Java/JavaVirtualMachines/jdk1.8.0_60.jdk/Contents/Home/jre/lib/ext/sunpkcs11.jar:/Library/Java/JavaVirtualMachines/jdk1.8.0_60.jdk/Contents/Home/jre/lib/ext/zipfs.jar:/Library/Java/JavaVirtualMachines/jdk1.8.0_60.jdk/Contents/Home/jre/lib/javaws.jar:/Library/Java/JavaVirtualMachines/jdk1.8.0_60.jdk/Contents/Home/jre/lib/jce.jar:/Library/Java/JavaVirtualMachines/jdk1.8.0_60.jdk/Contents/Home/jre/lib/jfr.jar:/Library/Java/JavaVirtualMachines/jdk1.8.0_60.jdk/Contents/Home/jre/lib/jfxswt.jar:/Library/Java/JavaVirtualMachines/jdk1.8.0_60.jdk/Contents/Home/jre/lib/jsse.jar:/Library/Java/JavaVirtualMachines/jdk1.8.0_60.jdk/Contents/Home/jre/lib/management-agent.jar:/Library/Java/JavaVirtualMachines/jdk1.8.0_60.jdk/Contents/Home/jre/lib/plugin.jar:/Library/Java/JavaVirtualMachines/jdk1.8.0_60.jdk/Contents/Home/jre/lib/resources.jar:/Library/Java/JavaVirtualMachines/jdk1.8.0_60.jdk/Contents/Home/jre/lib/rt.jar:/Library/Java/JavaVirtualMachines/jdk1.8.0_60.jdk/Contents/Home/lib/ant-javafx.jar:/Library/Java/JavaVirtualMachines/jdk1.8.0_60.jdk/Contents/Home/lib/dt.jar:/Library/Ja
Launcher Type: SUN_STANDARD

Environment Variables:
PATH=~/Downloads/WCMCommander-release-0.20.0:/usr/local/mysql/bin:/opt/local/bin:/opt/local/sbin:/Library/Frameworks/Python.framework/Versions/3.5/bin:/Library/Frameworks/Python.framework/Versions/3.6/bin:/Users/ilyadonskoj/bin:/usr/local/bin:/usr/local/bin:/usr/bin:/bin:/usr/sbin:/sbin:/opt/X11/bin:/usr/local/share/dotnet:/usr/local/go/bin:/Library/Frameworks/Mono.framework/Versions/Current/Commands:/Library/TeX/texbin
SHELL=/bin/bash
DISPLAY=/private/tmp/com.apple.launchd.FooC6j7P7f/org.macosforge.xquartz:0

Signal Handlers:
SIGSEGV: [libjvm.dylib+0x5a6d31], sa_mask[0]=11111111011111110111111111111111, sa_flags=SA_ONSTACK|SA_RESTART|SA_SIGINFO
SIGBUS: [libjvm.dylib+0x5a6d31], sa_mask[0]=11111111011111110111111111111111, sa_flags=SA_RESTART|SA_SIGINFO
SIGFPE: [libjvm.dylib+0x480a4c], sa_mask[0]=11111111011111110111111111111111, sa_flags=SA_RESTART|SA_SIGINFO
SIGPIPE: [libjvm.dylib+0x480a4c], sa_mask[0]=11111111011111110111111111111111, sa_flags=SA_RESTART|SA_SIGINFO
SIGXFSZ: [libjvm.dylib+0x480a4c], sa_mask[0]=11111111011111110111111111111111, sa_flags=SA_RESTART|SA_SIGINFO
SIGILL: [libjvm.dylib+0x480a4c], sa_mask[0]=11111111011111110111111111111111, sa_flags=SA_RESTART|SA_SIGINFO
SIGUSR1: SIG_DFL, sa_mask[0]=00000000000000000000000000000000, sa_flags=none
SIGUSR2: [libjvm.dylib+0x48056a], sa_mask[0]=00100000000000000000000000000000, sa_flags=SA_RESTART|SA_SIGINFO
SIGHUP: [libjvm.dylib+0x47eb41], sa_mask[0]=11111111011111110111111111111111, sa_flags=SA_RESTART|SA_SIGINFO
SIGINT: [libjvm.dylib+0x47eb41], sa_mask[0]=11111111011111110111111111111111, sa_flags=SA_RESTART|SA_SIGINFO
SIGTERM: [libjvm.dylib+0x47eb41], sa_mask[0]=11111111011111110111111111111111, sa_flags=SA_RESTART|SA_SIGINFO
SIGQUIT: [libjvm.dylib+0x47eb41], sa_mask[0]=11111111011111110111111111111111, sa_flags=SA_RESTART|SA_SIGINFO


---------------  S Y S T E M  ---------------

OS:Bsduname:Darwin 16.6.0 Darwin Kernel Version 16.6.0: Fri Apr 14 16:21:16 PDT 2017; root:xnu-3789.60.24~6/RELEASE_X86_64 x86_64
rlimit: STACK 8192k, CORE 0k, NPROC 709, NOFILE 10240, AS infinity
load average:2.49 2.42 2.14

CPU:total 4 (2 cores per cpu, 2 threads per core) family 6 model 69 stepping 1, cmov, cx8, fxsr, mmx, sse, sse2, sse3, ssse3, sse4.1, sse4.2, popcnt, avx, avx2, aes, clmul, erms, lzcnt, ht, tsc, tscinvbit, bmi1, bmi2

Memory: 4k page, physical 4194304k(78060k free)

/proc/meminfo:


vm_info: Java HotSpot(TM) 64-Bit Server VM (25.60-b23) for bsd-amd64 JRE (1.8.0_60-b27), built on Aug  4 2015 10:47:24 by "java_re" with gcc 4.2.1 (Based on Apple Inc. build 5658) (LLVM build 2336.11.00)

time: Fri Oct 27 16:27:18 2017
elapsed time: 21 seconds (0d 0h 0m 21s)

